Seed: 100
2 
WorldFile: world2.config
generating points

done generating points

Performing best first search
Found path after checking 14 nodes
Solution:
  1    Start  (0.000000, 0.000000, 0.000000, 0.000000, 0.000000)
  2           (0.075013, -0.418024, 0.317757, 1.798200, 2.297620)
  3           (0.650436, -2.402384, 1.993447, 0.165845, -0.162757)
  4   Finish  (-0.786000, -0.786000, 0.786000, -0.786000, 0.500000)
Path length: 9.674536

Uniform cost search
Found path after checking 38 nodes
Solution:
  1    Start  (0.000000, 0.000000, 0.000000, 0.000000, 0.000000)
  2           (0.075013, -0.418024, 0.317757, 1.798200, 2.297620)
  3           (0.650436, -2.402384, 1.993447, 0.165845, -0.162757)
  4   Finish  (-0.786000, -0.786000, 0.786000, -0.786000, 0.500000)
Path length: 9.674536

Performing A*
Found path after checking 35 nodes
Solution:
  1    Start  (0.000000, 0.000000, 0.000000, 0.000000, 0.000000)
  2           (0.075013, -0.418024, 0.317757, 1.798200, 2.297620)
  3           (0.650436, -2.402384, 1.993447, 0.165845, -0.162757)
  4   Finish  (-0.786000, -0.786000, 0.786000, -0.786000, 0.500000)
Path length: 9.674536

Performing inadmissible A*
Found path after checking 14 nodes
Solution:
  1    Start  (0.000000, 0.000000, 0.000000, 0.000000, 0.000000)
  2           (0.075013, -0.418024, 0.317757, 1.798200, 2.297620)
  3           (0.650436, -2.402384, 1.993447, 0.165845, -0.162757)
  4   Finish  (-0.786000, -0.786000, 0.786000, -0.786000, 0.500000)
Path length: 9.674536

