10
T
I 105 0.1
 I 115 0.3
  I 144 0.6
   I 104 0.3
    L 19 / 329
    L 62 / 109
   I 64 0.8
    L 7 / 75
    L 6 / 1259
  I 116 0.4
   I 104 0.3
    L 4 / 1086
    L 16 / 171
   I 91 0.1
    L 0 / 5004
    L 3 / 405
 I 115 0.3
  I 80 0.3
   I 144 0.3
    L 688 / 699
    L 28 / 56
   I 77 0.4
    L 10 / 85
    L 61 / 83
  I 77 0.3
   I 49 0.8
    L 3 / 28
    L 1 / 394
   I 144 0.2
    L 80 / 114
    L 10 / 103
T
I 107 0.1
 I 118 0.7
  I 102 0.1
   I 0 0.1
    L 0 / 0
    L 0 / 986
   I 65 0.1
    L 0 / 144
    L 4 / 30
  I 0 0.1
   L 0 / 0
   I 0 0.1
    L 0 / 0
    L 0 / 5285
 I 74 0.1
  I 65 0.1
   I 146 0.7
    L 5 / 206
    L 0 / 1035
   I 76 0.6
    L 16 / 45
    L 4 / 224
  I 47 0.1
   I 50 0.1
    L 32 / 646
    L 152 / 203
   I 75 0.2
    L 26 / 195
    L 881 / 1001
T
I 75 0.1
 I 138 0.1
  I 109 0.1
   I 118 0.8
    L 11 / 11
    L 5 / 45
   I 137 0.2
    L 54 / 55
    L 0 / 2
  I 150 0.1
   I 132 0.5
    L 73 / 275
    L 21 / 859
   I 123 0.1
    L 37 / 426
    L 41 / 5417
 I 130 0.2
  I 34 0.1
   I 87 0.4
    L 6 / 180
    L 659 / 806
   I 128 0.6
    L 12 / 12
    L 26 / 413
  I 33 0.4
   I 131 0.4
    L 21 / 28
    L 21 / 202
   I 150 0.1
    L 11 / 106
    L 7 / 1163
T
I 33 0.2
 I 77 0.5
  I 117 0.4
   I 131 0.3
    L 19 / 413
    L 22 / 51
   I 74 0.4
    L 48 / 164
    L 505 / 624
  I 116 0.1
   I 171 0.1
    L 21 / 49
    L 33 / 1606
   I 60 0.4
    L 21 / 344
    L 143 / 421
 I 118 0.4
  I 65 0.1
   I 34 0.3
    L 12 / 285
    L 13 / 2148
   I 0 0.1
    L 0 / 0
    L 0 / 1207
  I 91 0.4
   I 158 0.2
    L 133 / 466
    L 31 / 806
   I 91 0.2
    L 7 / 386
    L 0 / 1030
T
I 49 0.2
 I 145 0.1
  I 50 0.4
   I 144 0.3
    L 1 / 3373
    L 19 / 1435
   I 66 0.2
    L 55 / 368
    L 11 / 1171
  I 48 0.1
   I 75 0.5
    L 85 / 402
    L 25 / 1223
   I 76 0.1
    L 16 / 39
    L 83 / 84
 I 106 0.4
  I 21 0.1
   I 145 0.1
    L 1 / 284
    L 5 / 15
   I 63 0.4
    L 4 / 164
    L 597 / 754
  I 130 0.2
   I 101 0.5
    L 4 / 57
    L 0 / 413
   I 102 0.2
    L 23 / 73
    L 5 / 145
T
I 54 0.1
 I 80 0.1
  I 93 0.2
   I 105 0.2
    L 0 / 198
    L 3 / 19
   I 37 0.1
    L 0 / 19
    L 48 / 59
  I 79 0.2
   I 104 0.7
    L 0 / 11
    L 13 / 13
   I 131 0.5
    L 23 / 27
    L 197 / 197
 I 89 0.2
  I 79 0.1
   I 105 0.3
    L 60 / 2960
    L 143 / 1059
   I 52 0.1
    L 263 / 452
    L 123 / 1345
  I 119 0.1
   I 38 0.1
    L 10 / 496
    L 5 / 2585
   I 50 0.4
    L 2 / 386
    L 18 / 174
T
I 64 0.3
 I 116 0.3
  I 24 0.3
   I 66 0.1
    L 0 / 19
    L 33 / 35
   I 50 0.1
    L 47 / 2218
    L 43 / 106
  I 29 0.3
   L 1 / 1
   I 48 0.1
    L 0 / 3285
    L 3 / 877
 I 131 0.5
  I 52 0.1
   I 79 0.3
    L 6 / 315
    L 19 / 70
   I 102 0.1
    L 693 / 740
    L 22 / 68
  I 131 0.2
   I 52 0.1
    L 6 / 483
    L 132 / 425
   I 130 0.3
    L 7 / 186
    L 1 / 1172
T
I 103 0.1
 I 36 0.3
  I 89 0.2
   I 77 0.9
    L 1 / 112
    L 0 / 2588
   I 22 0.1
    L 0 / 515
    L 11 / 281
  I 63 0.4
   I 90 0.4
    L 45 / 1268
    L 112 / 696
   I 170 0.3
    L 2 / 2
    L 15 / 1754
 I 35 0.1
  I 173 0.1
   I 132 0.2
    L 83 / 214
    L 1 / 197
   I 161 0.5
    L 15 / 71
    L 12 / 1261
  I 129 0.1
   I 144 0.1
    L 1 / 125
    L 7 / 32
   I 90 0.2
    L 69 / 187
    L 656 / 697
T
I 104 0.6
 I 160 0.2
  I 130 0.2
   I 66 0.1
    L 444 / 578
    L 109 / 389
   I 131 0.3
    L 128 / 421
    L 13 / 590
  I 67 0.2
   I 101 0.4
    L 1 / 43
    L 32 / 86
   I 149 0.5
    L 12 / 138
    L 12 / 873
 I 117 0.1
  I 160 0.3
   I 90 0.5
    L 113 / 362
    L 67 / 1074
   I 160 0.1
    L 25 / 595
    L 9 / 1479
  I 90 0.4
   I 115 0.4
    L 12 / 113
    L 11 / 1523
   I 51 0.9
    L 1 / 60
    L 0 / 1676
T
I 144 0.2
 I 172 0.2
  I 105 0.8
   I 147 0.3
    L 3 / 100
    L 43 / 105
   I 130 0.2
    L 3 / 354
    L 23 / 363
  I 171 0.1
   I 89 0.6
    L 6 / 20
    L 0 / 48
   I 63 0.3
    L 14 / 2581
    L 0 / 1928
 I 88 0.1
  I 49 0.2
   I 92 0.5
    L 678 / 1189
    L 146 / 763
   I 132 0.4
    L 2 / 485
    L 26 / 462
  I 86 0.3
   I 177 0.1
    L 23 / 30
    L 10 / 48
   I 89 0.1
    L 16 / 438
    L 2 / 1086
