2
T
I 122 0.5
 I 77 0.7
  I 109 0.4
   I 2 0.8
    L 1 / 1
    L 0 / 1
   I 7 0.8
    L 0 / 1
    L 0 / 1
  I 104 0.1
   I 26 0.8
    L 1 / 1
    L 0 / 1
   I 141 0.4
    L 0 / 1
    L 1 / 1
 I 6 0.4
  I 122 0.6
   I 163 0.4
    L 0 / 1
    L 0 / 1
   I 174 0.6
    L 0 / 1
    L 0 / 1
  I 14 0.7
   I 71 0.7
    L 0 / 1
    L 1 / 1
   I 102 0.1
    L 0 / 1
    L 0 / 1
T
I 12 0.8
 I 83 0.7
  I 129 0.9
   I 50 0.9
    L 1 / 1
    L 0 / 1
   I 14 0.9
    L 0 / 1
    L 0 / 1
  I 82 0.2
   I 85 0.5
    L 0 / 1
    L 1 / 1
   I 29 0.4
    L 1 / 1
    L 0 / 1
 I 153 0.6
  I 136 0.4
   I 53 0.7
    L 1 / 1
    L 0 / 1
   I 154 0.6
    L 0 / 1
    L 0 / 1
  I 105 0.2
   I 58 0.1
    L 0 / 1
    L 0 / 1
   I 139 0.7
    L 1 / 1
    L 1 / 1
2
2.699549 2.187109 
1000
0.000297 0.000297 0.000297 0.000297 0.000297 0.000297 0.000297 0.000297 0.000297 0.002644 0.000297 0.000297 0.000297 0.000297 0.000297 0.000297 0.000297 0.000297 0.000297 0.000297 0.000297 0.004414 0.000297 0.000297 0.000297 0.000297 0.004414 0.000297 0.000297 0.000297 0.000297 0.000297 0.000297 0.000297 0.000297 0.000297 0.000297 0.000297 0.000297 0.000297 0.000297 0.000297 0.000297 0.000297 0.000297 0.000297 0.002644 0.000297 0.002644 0.000297 0.000297 0.002644 0.000297 0.000297 0.002644 0.000297 0.000297 0.002644 0.004414 0.039324 0.000297 0.000297 0.000297 0.000297 0.000297 0.000297 0.000297 0.002644 0.000297 0.000297 0.000297 0.000297 0.000297 0.000297 0.000297 0.000297 0.000297 0.000297 0.000297 0.000297 0.000297 0.000297 0.000297 0.000297 0.000297 0.000297 0.000297 0.004414 0.000297 0.002644 0.000297 0.039324 0.000297 0.000297 0.000297 0.000297 0.000297 0.000297 0.000297 0.000297 0.000297 0.000297 0.000297 0.000297 0.002644 0.000297 0.000297 0.000297 0.000297 0.000297 0.000297 0.002644 0.000297 0.000297 0.000297 0.000297 0.000297 0.000297 0.000297 0.000297 0.000297 0.000297 0.000297 0.000297 0.000297 0.002644 0.000297 0.000297 0.000297 0.000297 0.000297 0.002644 0.000297 0.000297 0.000297 0.000297 0.004414 0.000297 0.000297 0.000297 0.000297 0.000297 0.002644 0.004414 0.000297 0.000297 0.000297 0.000297 0.000297 0.000297 0.039324 0.000297 0.000297 0.000297 0.000297 0.000297 0.004414 0.000297 0.000297 0.000297 0.000297 0.000297 0.000297 0.000297 0.000297 0.000297 0.004414 0.000297 0.000297 0.000297 0.000297 0.002644 0.000297 0.000297 0.000297 0.000297 0.000297 0.000297 0.000297 0.000297 0.000297 0.002644 0.000297 0.000297 0.000297 0.000297 0.000297 0.000297 0.000297 0.000297 0.000297 0.000297 0.002644 0.002644 0.000297 0.002644 0.000297 0.000297 0.000297 0.000297 0.000297 0.000297 0.004414 0.000297 0.002644 0.000297 0.002644 0.000297 0.000297 0.000297 0.000297 0.000297 0.000297 0.000297 0.000297 0.004414 0.000297 0.000297 0.000297 0.000297 0.000297 0.000297 0.000297 0.000297 0.000297 0.000297 0.000297 0.000297 0.000297 0.000297 0.000297 0.000297 0.000297 0.000297 0.000297 0.000297 0.002644 0.000297 0.000297 0.000297 0.000297 0.000297 0.000297 0.000297 0.000297 0.000297 0.000297 0.000297 0.002644 0.000297 0.000297 0.000297 0.000297 0.000297 0.000297 0.000297 0.000297 0.002644 0.000297 0.000297 0.000297 0.000297 0.000297 0.000297 0.000297 0.000297 0.000297 0.000297 0.000297 0.000297 0.000297 0.000297 0.000297 0.000297 0.000297 0.000297 0.000297 0.002644 0.000297 0.000297 0.000297 0.000297 0.002644 0.000297 0.000297 0.000297 0.000297 0.000297 0.000297 0.000297 0.002644 0.000297 0.000297 0.000297 0.004414 0.000297 0.000297 0.000297 0.000297 0.000297 0.000297 0.000297 0.000297 0.000297 0.000297 0.004414 0.000297 0.000297 0.000297 0.000297 0.000297 0.000297 0.000297 0.000297 0.000297 0.000297 0.002644 0.000297 0.000297 0.000297 0.000297 0.002644 0.000297 0.000297 0.000297 0.000297 0.000297 0.000297 0.000297 0.000297 0.000297 0.000297 0.002644 0.002644 0.000297 0.000297 0.000297 0.000297 0.000297 0.000297 0.000297 0.000297 0.000297 0.000297 0.004414 0.000297 0.000297 0.002644 0.000297 0.000297 0.000297 0.002644 0.000297 0.000297 0.000297 0.000297 0.000297 0.004414 0.000297 0.000297 0.002644 0.000297 0.000297 0.000297 0.000297 0.000297 0.002644 0.000297 0.000297 0.000297 0.000297 0.000297 0.004414 0.000297 0.000297 0.000297 0.004414 0.000297 0.000297 0.000297 0.000297 0.000297 0.000297 0.000297 0.002644 0.000297 0.000297 0.000297 0.000297 0.000297 0.000297 0.000297 0.000297 0.000297 0.000297 0.000297 0.000297 0.000297 0.000297 0.000297 0.000297 0.000297 0.000297 0.004414 0.000297 0.000297 0.000297 0.000297 0.000297 0.000297 0.002644 0.000297 0.002644 0.000297 0.000297 0.000297 0.004414 0.000297 0.000297 0.000297 0.000297 0.000297 0.000297 0.000297 0.000297 0.000297 0.000297 0.004414 0.000297 0.000297 0.000297 0.000297 0.000297 0.000297 0.000297 0.000297 0.000297 0.000297 0.000297 0.004414 0.000297 0.000297 0.000297 0.002644 0.000297 0.000297 0.004414 0.000297 0.000297 0.000297 0.000297 0.000297 0.000297 0.000297 0.000297 0.000297 0.000297 0.000297 0.000297 0.000297 0.000297 0.000297 0.000297 0.000297 0.000297 0.002644 0.000297 0.000297 0.000297 0.000297 0.000297 0.000297 0.000297 0.000297 0.000297 0.000297 0.000297 0.002644 0.000297 0.000297 0.000297 0.000297 0.000297 0.000297 0.000297 0.000297 0.000297 0.000297 0.000297 0.000297 0.000297 0.000297 0.004414 0.000297 0.000297 0.000297 0.002644 0.000297 0.000297 0.004414 0.000297 0.000297 0.000297 0.000297 0.000297 0.000297 0.004414 0.000297 0.000297 0.002644 0.000297 0.000297 0.000297 0.000297 0.000297 0.000297 0.000297 0.000297 0.000297 0.000297 0.002644 0.000297 0.000297 0.000297 0.000297 0.000297 0.000297 0.000297 0.000297 0.000297 0.000297 0.000297 0.000297 0.000297 0.000297 0.000297 0.000297 0.000297 0.000297 0.002644 0.000297 0.000297 0.000297 0.002644 0.000297 0.000297 0.000297 0.000297 0.000297 0.000297 0.000297 0.000297 0.000297 0.002644 0.000297 0.000297 0.000297 0.000297 0.000297 0.000297 0.000297 0.000297 0.039324 0.000297 0.000297 0.000297 0.000297 0.000297 0.000297 0.000297 0.000297 0.004414 0.000297 0.000297 0.000297 0.000297 0.002644 0.000297 0.000297 0.000297 0.000297 0.000297 0.000297 0.000297 0.000297 0.000297 0.000297 0.000297 0.000297 0.000297 0.000297 0.000297 0.000297 0.000297 0.000297 0.002644 0.000297 0.000297 0.000297 0.000297 0.000297 0.000297 0.000297 0.000297 0.000297 0.000297 0.000297 0.000297 0.000297 0.000297 0.000297 0.000297 0.000297 0.000297 0.000297 0.000297 0.000297 0.004414 0.000297 0.000297 0.000297 0.000297 0.000297 0.000297 0.039324 0.000297 0.000297 0.000297 0.002644 0.000297 0.000297 0.000297 0.000297 0.000297 0.000297 0.004414 0.000297 0.002644 0.004414 0.000297 0.000297 0.000297 0.002644 0.000297 0.000297 0.000297 0.000297 0.000297 0.000297 0.000297 0.000297 0.000297 0.002644 0.000297 0.000297 0.000297 0.000297 0.000297 0.000297 0.000297 0.000297 0.004414 0.000297 0.000297 0.002644 0.000297 0.000297 0.002644 0.000297 0.000297 0.002644 0.002644 0.000297 0.000297 0.000297 0.000297 0.000297 0.000297 0.000297 0.000297 0.002644 0.000297 0.004414 0.000297 0.000297 0.000297 0.000297 0.000297 0.000297 0.000297 0.000297 0.000297 0.000297 0.000297 0.000297 0.000297 0.004414 0.000297 0.000297 0.000297 0.000297 0.000297 0.000297 0.004414 0.000297 0.004414 0.000297 0.000297 0.000297 0.000297 0.000297 0.002644 0.000297 0.000297 0.000297 0.000297 0.000297 0.000297 0.000297 0.000297 0.000297 0.000297 0.000297 0.004414 0.000297 0.000297 0.002644 0.000297 0.000297 0.000297 0.000297 0.000297 0.000297 0.000297 0.000297 0.002644 0.000297 0.000297 0.000297 0.000297 0.002644 0.000297 0.000297 0.000297 0.000297 0.000297 0.002644 0.000297 0.000297 0.000297 0.000297 0.000297 0.000297 0.000297 0.000297 0.000297 0.000297 0.000297 0.000297 0.000297 0.000297 0.000297 0.000297 0.000297 0.000297 0.000297 0.004414 0.000297 0.000297 0.000297 0.000297 0.004414 0.004414 0.002644 0.000297 0.002644 0.000297 0.000297 0.002644 0.000297 0.000297 0.000297 0.002644 0.002644 0.000297 0.000297 0.000297 0.000297 0.000297 0.002644 0.000297 0.000297 0.000297 0.000297 0.000297 0.000297 0.000297 0.000297 0.000297 0.000297 0.000297 0.000297 0.000297 0.000297 0.004414 0.000297 0.000297 0.000297 0.000297 0.000297 0.000297 0.002644 0.000297 0.000297 0.000297 0.000297 0.000297 0.000297 0.000297 0.000297 0.000297 0.004414 0.000297 0.000297 0.000297 0.000297 0.000297 0.000297 0.000297 0.004414 0.000297 0.000297 0.000297 0.000297 0.002644 0.004414 0.000297 0.000297 0.000297 0.000297 0.000297 0.000297 0.039324 0.000297 0.000297 0.000297 0.000297 0.004414 0.000297 0.000297 0.000297 0.000297 0.000297 0.000297 0.000297 0.000297 0.002644 0.000297 0.000297 0.000297 0.000297 0.000297 0.000297 0.000297 0.004414 0.002644 0.000297 0.000297 0.000297 0.000297 0.000297 0.000297 0.000297 0.000297 0.000297 0.004414 0.000297 0.000297 0.002644 0.000297 0.000297 0.000297 0.000297 0.000297 0.000297 0.000297 0.000297 0.000297 0.000297 0.002644 0.000297 0.002644 0.000297 0.000297 0.000297 0.000297 0.002644 0.002644 0.000297 0.000297 0.000297 0.000297 0.000297 0.000297 0.000297 0.004414 0.000297 0.000297 0.000297 0.000297 0.000297 0.000297 0.000297 0.000297 0.039324 0.000297 0.004414 0.002644 0.000297 0.000297 0.002644 0.000297 0.002644 0.000297 0.004414 0.000297 0.000297 0.004414 0.000297 0.000297 0.000297 0.000297 0.000297 0.000297 0.000297 0.000297 0.000297 0.000297 0.000297 0.000297 0.002644 0.000297 0.004414 0.000297 0.000297 0.000297 0.000297 0.000297 0.000297 0.004414 0.000297 0.000297 0.000297 0.000297 0.000297 0.002644 0.000297 0.002644 0.000297 0.000297 0.000297 0.002644 0.000297 0.000297 0.000297 0.000297 0.000297 0.000297 0.002644 0.000297 0.004414 0.000297 0.004414 0.000297 0.000297 0.000297 0.000297 0.000297 0.000297 0.000297 0.000297 0.000297 0.000297 0.000297 0.000297 0.000297 0.000297 0.000297 0.000297 0.000297 0.000297 0.004414 0.000297 0.000297 0.000297 0.000297 0.004414 0.004414 0.004414 0.000297 
0
-1
2
T
I 68 0.7
 I 174 0.4
  I 21 0.7
   I 12 0.3
    L 1 / 1
    L 0 / 1
   I 100 0.5
    L 0 / 1
    L 1 / 1
  I 47 0.4
   I 67 0.3
    L 1 / 1
    L 0 / 1
   I 159 0.6
    L 1 / 1
    L 1 / 1
 I 75 0.2
  I 167 0.2
   I 82 0.9
    L 1 / 1
    L 1 / 1
   I 45 0.1
    L 0 / 1
    L 0 / 1
  I 134 0.1
   I 149 0.4
    L 0 / 1
    L 0 / 1
   I 123 0.6
    L 0 / 1
    L 1 / 1
T
I 26 0.5
 I 76 0.8
  I 142 0.6
   I 98 0.8
    L 1 / 1
    L 0 / 1
   I 24 0.6
    L 1 / 1
    L 1 / 1
  I 52 0.3
   I 23 0.9
    L 0 / 1
    L 1 / 1
   I 102 0.9
    L 0 / 1
    L 0 / 1
 I 158 0.1
  I 178 0.2
   I 96 0.2
    L 1 / 1
    L 1 / 1
   I 69 0.8
    L 0 / 1
    L 0 / 1
  I 121 0.3
   I 116 0.3
    L 0 / 1
    L 0 / 1
   I 63 0.4
    L 1 / 1
    L 0 / 1
2
2.806016 1.757875 
1000
0.000311 0.001803 0.005142 0.001803 0.000311 0.000311 0.000311 0.001803 0.000311 0.000311 0.000311 0.001803 0.000311 0.000311 0.000311 0.000311 0.001803 0.000311 0.001803 0.029825 0.000311 0.000311 0.000311 0.000311 0.000311 0.000311 0.000311 0.000311 0.001803 0.000311 0.001803 0.000311 0.000311 0.000311 0.000311 0.000311 0.000311 0.000311 0.000311 0.000311 0.000311 0.000311 0.000311 0.000311 0.000311 0.000311 0.000311 0.000311 0.000311 0.001803 0.001803 0.000311 0.001803 0.000311 0.000311 0.001803 0.000311 0.001803 0.000311 0.000311 0.000311 0.000311 0.000311 0.000311 0.000311 0.000311 0.000311 0.000311 0.000311 0.001803 0.000311 0.000311 0.001803 0.000311 0.000311 0.000311 0.000311 0.000311 0.000311 0.005142 0.000311 0.000311 0.000311 0.001803 0.000311 0.029825 0.001803 0.000311 0.000311 0.000311 0.000311 0.000311 0.000311 0.000311 0.000311 0.000311 0.001803 0.000311 0.001803 0.000311 0.001803 0.000311 0.000311 0.001803 0.000311 0.000311 0.000311 0.000311 0.000311 0.000311 0.000311 0.000311 0.000311 0.000311 0.001803 0.000311 0.001803 0.001803 0.000311 0.000311 0.000311 0.000311 0.000311 0.000311 0.000311 0.000311 0.005142 0.000311 0.000311 0.000311 0.000311 0.000311 0.000311 0.000311 0.029825 0.000311 0.000311 0.001803 0.000311 0.001803 0.001803 0.000311 0.000311 0.000311 0.000311 0.000311 0.000311 0.000311 0.000311 0.000311 0.000311 0.005142 0.000311 0.000311 0.001803 0.000311 0.000311 0.000311 0.000311 0.000311 0.001803 0.001803 0.001803 0.000311 0.000311 0.000311 0.000311 0.000311 0.005142 0.000311 0.000311 0.000311 0.000311 0.001803 0.005142 0.000311 0.000311 0.000311 0.000311 0.000311 0.005142 0.000311 0.000311 0.000311 0.000311 0.000311 0.000311 0.000311 0.000311 0.001803 0.000311 0.000311 0.000311 0.005142 0.000311 0.000311 0.000311 0.005142 0.000311 0.005142 0.001803 0.000311 0.000311 0.001803 0.000311 0.001803 0.000311 0.000311 0.000311 0.000311 0.000311 0.000311 0.005142 0.001803 0.000311 0.000311 0.000311 0.000311 0.000311 0.000311 0.001803 0.000311 0.001803 0.000311 0.000311 0.000311 0.000311 0.000311 0.000311 0.000311 0.000311 0.000311 0.001803 0.000311 0.000311 0.000311 0.000311 0.000311 0.000311 0.000311 0.005142 0.001803 0.000311 0.000311 0.000311 0.000311 0.000311 0.000311 0.000311 0.001803 0.000311 0.000311 0.000311 0.000311 0.001803 0.000311 0.000311 0.000311 0.000311 0.000311 0.000311 0.000311 0.000311 0.000311 0.000311 0.000311 0.000311 0.001803 0.000311 0.000311 0.001803 0.000311 0.000311 0.001803 0.000311 0.000311 0.000311 0.000311 0.005142 0.000311 0.005142 0.000311 0.000311 0.000311 0.000311 0.000311 0.001803 0.000311 0.000311 0.000311 0.000311 0.000311 0.000311 0.000311 0.000311 0.000311 0.000311 0.005142 0.000311 0.000311 0.000311 0.000311 0.000311 0.000311 0.000311 0.000311 0.000311 0.000311 0.000311 0.000311 0.000311 0.000311 0.000311 0.000311 0.000311 0.001803 0.000311 0.000311 0.000311 0.000311 0.000311 0.000311 0.000311 0.000311 0.000311 0.000311 0.001803 0.000311 0.001803 0.000311 0.000311 0.000311 0.000311 0.000311 0.000311 0.000311 0.000311 0.000311 0.000311 0.000311 0.000311 0.001803 0.001803 0.000311 0.005142 0.000311 0.000311 0.000311 0.001803 0.029825 0.000311 0.001803 0.000311 0.000311 0.000311 0.000311 0.000311 0.000311 0.000311 0.000311 0.001803 0.000311 0.000311 0.000311 0.000311 0.029825 0.005142 0.000311 0.000311 0.029825 0.000311 0.000311 0.000311 0.000311 0.000311 0.000311 0.000311 0.000311 0.000311 0.000311 0.001803 0.001803 0.000311 0.000311 0.000311 0.000311 0.000311 0.000311 0.000311 0.000311 0.000311 0.005142 0.000311 0.001803 0.000311 0.000311 0.000311 0.000311 0.000311 0.000311 0.000311 0.000311 0.005142 0.000311 0.000311 0.000311 0.000311 0.000311 0.029825 0.000311 0.000311 0.000311 0.005142 0.000311 0.000311 0.001803 0.000311 0.000311 0.000311 0.000311 0.000311 0.000311 0.000311 0.000311 0.000311 0.001803 0.001803 0.000311 0.000311 0.000311 0.000311 0.005142 0.000311 0.000311 0.001803 0.000311 0.000311 0.000311 0.000311 0.000311 0.000311 0.000311 0.000311 0.000311 0.001803 0.001803 0.000311 0.000311 0.001803 0.000311 0.000311 0.000311 0.000311 0.000311 0.000311 0.000311 0.001803 0.005142 0.000311 0.000311 0.000311 0.000311 0.000311 0.001803 0.001803 0.001803 0.000311 0.000311 0.005142 0.000311 0.001803 0.000311 0.000311 0.000311 0.000311 0.000311 0.000311 0.000311 0.000311 0.000311 0.000311 0.000311 0.000311 0.000311 0.000311 0.000311 0.000311 0.001803 0.000311 0.000311 0.001803 0.000311 0.000311 0.000311 0.000311 0.000311 0.000311 0.001803 0.001803 0.000311 0.001803 0.000311 0.000311 0.000311 0.000311 0.001803 0.001803 0.005142 0.000311 0.000311 0.000311 0.001803 0.000311 0.000311 0.000311 0.000311 0.001803 0.005142 0.000311 0.000311 0.000311 0.000311 0.005142 0.001803 0.000311 0.000311 0.000311 0.000311 0.001803 0.000311 0.000311 0.000311 0.000311 0.000311 0.000311 0.000311 0.001803 0.000311 0.000311 0.000311 0.000311 0.000311 0.000311 0.000311 0.000311 0.000311 0.001803 0.000311 0.001803 0.000311 0.000311 0.000311 0.001803 0.000311 0.001803 0.000311 0.000311 0.000311 0.000311 0.000311 0.000311 0.001803 0.000311 0.000311 0.000311 0.000311 0.000311 0.001803 0.000311 0.001803 0.001803 0.000311 0.000311 0.001803 0.000311 0.000311 0.005142 0.000311 0.000311 0.001803 0.000311 0.000311 0.000311 0.000311 0.000311 0.029825 0.000311 0.000311 0.005142 0.000311 0.000311 0.000311 0.000311 0.000311 0.000311 0.000311 0.000311 0.000311 0.000311 0.001803 0.000311 0.001803 0.000311 0.000311 0.000311 0.001803 0.000311 0.000311 0.000311 0.000311 0.001803 0.000311 0.000311 0.001803 0.000311 0.000311 0.005142 0.000311 0.000311 0.001803 0.000311 0.000311 0.000311 0.001803 0.000311 0.005142 0.000311 0.000311 0.000311 0.000311 0.000311 0.000311 0.000311 0.001803 0.000311 0.000311 0.005142 0.000311 0.000311 0.000311 0.000311 0.000311 0.000311 0.005142 0.000311 0.001803 0.000311 0.000311 0.000311 0.000311 0.000311 0.000311 0.000311 0.000311 0.000311 0.000311 0.000311 0.000311 0.000311 0.000311 0.000311 0.000311 0.000311 0.000311 0.000311 0.000311 0.000311 0.000311 0.000311 0.001803 0.000311 0.000311 0.000311 0.000311 0.000311 0.000311 0.000311 0.000311 0.001803 0.005142 0.000311 0.000311 0.000311 0.000311 0.001803 0.000311 0.000311 0.001803 0.000311 0.000311 0.000311 0.000311 0.000311 0.000311 0.000311 0.000311 0.000311 0.000311 0.000311 0.000311 0.000311 0.001803 0.001803 0.000311 0.001803 0.000311 0.000311 0.001803 0.000311 0.005142 0.000311 0.000311 0.000311 0.000311 0.000311 0.001803 0.000311 0.000311 0.000311 0.000311 0.001803 0.000311 0.000311 0.000311 0.000311 0.000311 0.000311 0.000311 0.000311 0.000311 0.000311 0.000311 0.000311 0.001803 0.000311 0.000311 0.000311 0.005142 0.000311 0.000311 0.000311 0.000311 0.000311 0.000311 0.000311 0.000311 0.000311 0.000311 0.000311 0.000311 0.000311 0.000311 0.000311 0.000311 0.000311 0.000311 0.000311 0.000311 0.005142 0.000311 0.001803 0.000311 0.000311 0.000311 0.001803 0.000311 0.000311 0.001803 0.005142 0.000311 0.000311 0.005142 0.000311 0.000311 0.000311 0.005142 0.005142 0.000311 0.000311 0.000311 0.000311 0.000311 0.000311 0.000311 0.005142 0.000311 0.000311 0.000311 0.000311 0.000311 0.000311 0.000311 0.000311 0.000311 0.001803 0.000311 0.000311 0.000311 0.000311 0.000311 0.000311 0.001803 0.005142 0.000311 0.000311 0.000311 0.001803 0.000311 0.000311 0.000311 0.001803 0.000311 0.000311 0.000311 0.000311 0.000311 0.000311 0.005142 0.000311 0.000311 0.000311 0.000311 0.001803 0.000311 0.000311 0.000311 0.000311 0.000311 0.000311 0.000311 0.000311 0.001803 0.000311 0.000311 0.000311 0.000311 0.000311 0.000311 0.001803 0.000311 0.000311 0.000311 0.000311 0.000311 0.000311 0.000311 0.001803 0.000311 0.000311 0.000311 0.000311 0.005142 0.000311 0.000311 0.000311 0.001803 0.001803 0.000311 0.000311 0.000311 0.000311 0.001803 0.000311 0.001803 0.000311 0.000311 0.000311 0.000311 0.005142 0.000311 0.000311 0.000311 0.000311 0.000311 0.000311 0.000311 0.001803 0.000311 0.000311 0.001803 0.000311 0.000311 0.000311 0.000311 0.000311 0.000311 0.000311 0.000311 0.000311 0.000311 0.001803 0.000311 0.005142 0.000311 0.001803 0.000311 0.000311 0.000311 0.001803 0.000311 0.005142 0.000311 0.000311 0.000311 0.000311 0.000311 0.000311 0.000311 0.000311 0.000311 0.001803 0.000311 0.001803 0.000311 0.000311 0.000311 0.000311 0.000311 0.000311 0.000311 0.000311 0.001803 0.001803 0.000311 0.000311 0.005142 0.001803 0.000311 0.000311 0.000311 0.000311 0.000311 0.000311 0.001803 0.000311 0.000311 0.000311 0.000311 0.000311 0.000311 0.000311 0.000311 0.000311 0.000311 0.000311 0.000311 0.000311 0.000311 0.000311 0.000311 0.005142 0.001803 0.000311 0.000311 0.001803 0.000311 0.000311 0.001803 0.000311 0.000311 0.000311 0.000311 0.000311 0.000311 0.000311 0.000311 0.001803 0.000311 0.001803 0.001803 0.000311 0.000311 0.000311 0.000311 0.000311 0.000311 0.000311 0.001803 0.000311 0.000311 0.000311 0.000311 0.000311 0.000311 0.000311 0.000311 0.000311 0.000311 0.000311 0.000311 0.000311 0.000311 0.000311 0.000311 0.000311 0.000311 0.000311 0.000311 0.000311 0.000311 
1
-1
2
T
I 89 0.9
 I 131 0.7
  I 188 0.2
   I 11 0.8
    L 1 / 1
    L 0 / 1
   I 82 0.2
    L 1 / 1
    L 0 / 1
  I 6 0.6
   I 151 0.4
    L 0 / 1
    L 0 / 1
   I 52 0.9
    L 0 / 1
    L 0 / 1
 I 15 0.1
  I 157 0.5
   I 63 0.6
    L 0 / 1
    L 0 / 1
   I 104 0.3
    L 0 / 1
    L 0 / 1
  I 151 0.3
   I 169 0.2
    L 1 / 1
    L 1 / 1
   I 168 0.7
    L 1 / 1
    L 0 / 1
T
I 75 0.2
 I 25 0.7
  I 176 0.2
   I 59 0.5
    L 0 / 1
    L 0 / 1
   I 94 0.7
    L 0 / 1
    L 0 / 1
  I 52 0.8
   I 71 0.7
    L 0 / 1
    L 1 / 1
   I 154 0.4
    L 1 / 1
    L 0 / 1
 I 192 0.5
  I 72 0.2
   I 102 0.8
    L 1 / 1
    L 0 / 1
   I 167 0.3
    L 1 / 1
    L 0 / 1
  I 104 0.3
   I 177 0.7
    L 1 / 1
    L 1 / 1
   I 178 0.1
    L 0 / 1
    L 1 / 1
2
2.219647 1.237540 
1000
0.000358 0.000358 0.001233 0.000358 0.000358 0.000358 0.000358 0.001233 0.001233 0.000358 0.000358 0.000358 0.001233 0.000358 0.000358 0.003291 0.000358 0.000358 0.000358 0.000358 0.001233 0.000358 0.000358 0.000358 0.000358 0.001233 0.000358 0.000358 0.001233 0.000358 0.000358 0.000358 0.000358 0.000358 0.000358 0.001233 0.000358 0.001233 0.000358 0.000358 0.000358 0.001233 0.003291 0.003291 0.000358 0.000358 0.000358 0.000358 0.000358 0.000358 0.000358 0.001233 0.000358 0.000358 0.001233 0.001233 0.000358 0.000358 0.000358 0.001233 0.000358 0.000358 0.000358 0.001233 0.000358 0.000358 0.001233 0.000358 0.000358 0.000358 0.000358 0.000358 0.001233 0.000358 0.000358 0.000358 0.001233 0.000358 0.000358 0.001233 0.001233 0.001233 0.001233 0.001233 0.000358 0.001233 0.000358 0.000358 0.000358 0.000358 0.000358 0.000358 0.000358 0.000358 0.000358 0.001233 0.000358 0.003291 0.001233 0.000358 0.000358 0.000358 0.000358 0.000358 0.000358 0.000358 0.003291 0.003291 0.000358 0.001233 0.001233 0.000358 0.001233 0.000358 0.001233 0.001233 0.000358 0.000358 0.000358 0.001233 0.000358 0.000358 0.000358 0.003291 0.003291 0.003291 0.003291 0.000358 0.000358 0.000358 0.000358 0.001233 0.000358 0.000358 0.001233 0.011345 0.000358 0.000358 0.000358 0.001233 0.000358 0.000358 0.003291 0.000358 0.001233 0.000358 0.000358 0.003291 0.001233 0.000358 0.000358 0.001233 0.000358 0.003291 0.001233 0.000358 0.000358 0.001233 0.000358 0.001233 0.000358 0.001233 0.001233 0.000358 0.000358 0.000358 0.000358 0.000358 0.000358 0.000358 0.000358 0.000358 0.000358 0.001233 0.003291 0.000358 0.001233 0.003291 0.000358 0.001233 0.000358 0.000358 0.000358 0.001233 0.011345 0.000358 0.000358 0.001233 0.001233 0.000358 0.000358 0.003291 0.000358 0.003291 0.000358 0.000358 0.003291 0.000358 0.001233 0.001233 0.001233 0.000358 0.000358 0.001233 0.000358 0.000358 0.000358 0.000358 0.001233 0.003291 0.000358 0.001233 0.001233 0.000358 0.000358 0.000358 0.011345 0.000358 0.000358 0.000358 0.003291 0.000358 0.000358 0.000358 0.001233 0.000358 0.000358 0.001233 0.000358 0.011345 0.001233 0.000358 0.000358 0.000358 0.000358 0.000358 0.000358 0.003291 0.000358 0.001233 0.001233 0.001233 0.000358 0.000358 0.000358 0.001233 0.000358 0.000358 0.000358 0.000358 0.000358 0.001233 0.000358 0.011345 0.000358 0.000358 0.000358 0.000358 0.000358 0.000358 0.000358 0.000358 0.000358 0.001233 0.000358 0.000358 0.011345 0.001233 0.001233 0.000358 0.000358 0.000358 0.001233 0.001233 0.000358 0.000358 0.000358 0.000358 0.001233 0.003291 0.001233 0.000358 0.003291 0.000358 0.001233 0.001233 0.001233 0.000358 0.003291 0.000358 0.003291 0.000358 0.000358 0.000358 0.000358 0.000358 0.003291 0.003291 0.000358 0.001233 0.000358 0.011345 0.000358 0.000358 0.000358 0.000358 0.000358 0.000358 0.001233 0.000358 0.001233 0.000358 0.000358 0.001233 0.000358 0.001233 0.000358 0.000358 0.000358 0.001233 0.001233 0.001233 0.001233 0.000358 0.000358 0.000358 0.000358 0.000358 0.001233 0.001233 0.003291 0.001233 0.000358 0.003291 0.003291 0.003291 0.001233 0.001233 0.000358 0.003291 0.000358 0.000358 0.001233 0.000358 0.001233 0.000358 0.000358 0.000358 0.000358 0.000358 0.000358 0.000358 0.001233 0.003291 0.003291 0.001233 0.000358 0.000358 0.001233 0.000358 0.000358 0.000358 0.000358 0.001233 0.001233 0.001233 0.001233 0.000358 0.001233 0.001233 0.000358 0.000358 0.000358 0.000358 0.001233 0.003291 0.000358 0.001233 0.000358 0.000358 0.001233 0.001233 0.000358 0.000358 0.000358 0.000358 0.000358 0.003291 0.000358 0.003291 0.001233 0.001233 0.000358 0.001233 0.000358 0.000358 0.000358 0.000358 0.000358 0.000358 0.001233 0.000358 0.000358 0.000358 0.000358 0.000358 0.000358 0.000358 0.001233 0.000358 0.000358 0.000358 0.001233 0.001233 0.000358 0.001233 0.000358 0.000358 0.003291 0.001233 0.000358 0.003291 0.000358 0.000358 0.001233 0.001233 0.000358 0.000358 0.000358 0.001233 0.000358 0.001233 0.000358 0.001233 0.000358 0.001233 0.000358 0.001233 0.000358 0.000358 0.000358 0.000358 0.000358 0.000358 0.001233 0.001233 0.001233 0.000358 0.000358 0.000358 0.000358 0.001233 0.001233 0.000358 0.001233 0.000358 0.001233 0.001233 0.000358 0.000358 0.000358 0.000358 0.000358 0.001233 0.000358 0.000358 0.011345 0.000358 0.003291 0.000358 0.000358 0.001233 0.001233 0.003291 0.003291 0.000358 0.000358 0.000358 0.001233 0.000358 0.000358 0.001233 0.003291 0.003291 0.000358 0.000358 0.000358 0.000358 0.000358 0.000358 0.000358 0.001233 0.000358 0.000358 0.000358 0.000358 0.001233 0.003291 0.000358 0.000358 0.001233 0.000358 0.011345 0.003291 0.000358 0.001233 0.000358 0.001233 0.000358 0.003291 0.003291 0.000358 0.000358 0.001233 0.001233 0.000358 0.000358 0.001233 0.000358 0.000358 0.000358 0.001233 0.001233 0.001233 0.000358 0.000358 0.000358 0.000358 0.000358 0.000358 0.000358 0.000358 0.000358 0.003291 0.000358 0.000358 0.000358 0.000358 0.000358 0.000358 0.000358 0.000358 0.000358 0.000358 0.000358 0.000358 0.001233 0.000358 0.001233 0.001233 0.003291 0.000358 0.001233 0.000358 0.001233 0.000358 0.000358 0.000358 0.000358 0.001233 0.000358 0.001233 0.001233 0.001233 0.001233 0.000358 0.000358 0.001233 0.001233 0.000358 0.001233 0.001233 0.000358 0.000358 0.000358 0.000358 0.001233 0.000358 0.000358 0.000358 0.000358 0.000358 0.000358 0.001233 0.001233 0.000358 0.000358 0.000358 0.000358 0.011345 0.001233 0.000358 0.001233 0.001233 0.003291 0.001233 0.001233 0.003291 0.000358 0.000358 0.000358 0.001233 0.000358 0.000358 0.000358 0.000358 0.003291 0.000358 0.003291 0.000358 0.000358 0.000358 0.000358 0.001233 0.003291 0.000358 0.001233 0.000358 0.001233 0.000358 0.000358 0.000358 0.001233 0.000358 0.000358 0.000358 0.003291 0.001233 0.000358 0.000358 0.001233 0.003291 0.003291 0.001233 0.000358 0.000358 0.001233 0.001233 0.000358 0.001233 0.000358 0.000358 0.000358 0.001233 0.001233 0.001233 0.003291 0.003291 0.003291 0.000358 0.001233 0.000358 0.001233 0.000358 0.001233 0.001233 0.000358 0.000358 0.000358 0.001233 0.001233 0.000358 0.000358 0.000358 0.001233 0.000358 0.001233 0.000358 0.000358 0.000358 0.000358 0.000358 0.001233 0.001233 0.003291 0.000358 0.011345 0.001233 0.001233 0.001233 0.001233 0.001233 0.000358 0.003291 0.001233 0.003291 0.000358 0.001233 0.001233 0.001233 0.001233 0.001233 0.000358 0.000358 0.000358 0.000358 0.000358 0.001233 0.003291 0.000358 0.000358 0.000358 0.000358 0.000358 0.000358 0.000358 0.001233 0.001233 0.000358 0.000358 0.001233 0.003291 0.000358 0.000358 0.000358 0.001233 0.000358 0.000358 0.001233 0.001233 0.000358 0.011345 0.000358 0.000358 0.000358 0.000358 0.000358 0.003291 0.001233 0.001233 0.000358 0.003291 0.000358 0.000358 0.000358 0.000358 0.000358 0.003291 0.000358 0.001233 0.001233 0.000358 0.001233 0.001233 0.001233 0.000358 0.000358 0.000358 0.000358 0.001233 0.000358 0.001233 0.000358 0.001233 0.000358 0.000358 0.003291 0.001233 0.001233 0.000358 0.000358 0.000358 0.000358 0.003291 0.001233 0.000358 0.000358 0.000358 0.001233 0.000358 0.000358 0.001233 0.001233 0.000358 0.000358 0.003291 0.003291 0.001233 0.003291 0.000358 0.000358 0.000358 0.000358 0.000358 0.003291 0.000358 0.001233 0.001233 0.000358 0.000358 0.000358 0.000358 0.000358 0.001233 0.000358 0.000358 0.001233 0.001233 0.000358 0.003291 0.001233 0.001233 0.001233 0.000358 0.000358 0.000358 0.001233 0.000358 0.000358 0.000358 0.001233 0.001233 0.000358 0.000358 0.000358 0.001233 0.000358 0.001233 0.000358 0.000358 0.003291 0.001233 0.001233 0.001233 0.000358 0.000358 0.000358 0.001233 0.000358 0.000358 0.000358 0.001233 0.001233 0.000358 0.000358 0.000358 0.001233 0.000358 0.001233 0.000358 0.001233 0.000358 0.000358 0.000358 0.001233 0.000358 0.001233 0.000358 0.001233 0.000358 0.001233 0.001233 0.000358 0.000358 0.000358 0.001233 0.001233 0.000358 0.000358 0.000358 0.000358 0.001233 0.003291 0.000358 0.000358 0.000358 0.000358 0.000358 0.001233 0.000358 0.000358 0.000358 0.000358 0.000358 0.000358 0.000358 0.000358 0.001233 0.000358 0.001233 0.000358 0.000358 0.001233 0.000358 0.000358 0.000358 0.000358 0.000358 0.000358 0.000358 0.000358 0.003291 0.001233 0.000358 0.000358 0.000358 0.000358 0.000358 0.001233 0.000358 0.001233 0.001233 0.001233 0.000358 0.003291 0.000358 0.000358 0.000358 0.000358 0.003291 0.000358 0.003291 0.000358 0.000358 0.000358 0.000358 0.000358 0.000358 0.003291 0.000358 0.000358 0.000358 0.000358 0.000358 0.000358 0.001233 0.000358 0.000358 0.000358 0.001233 0.000358 0.000358 0.001233 0.001233 0.000358 0.001233 0.001233 0.000358 0.001233 0.000358 0.000358 0.000358 0.000358 0.001233 0.000358 0.011345 0.001233 0.000358 0.000358 0.000358 0.001233 0.000358 0.001233 0.000358 0.001233 0.000358 0.003291 0.000358 0.000358 0.000358 0.001233 0.000358 0.001233 0.001233 0.000358 0.001233 0.000358 0.001233 0.000358 0.000358 0.000358 0.001233 0.000358 0.000358 0.000358 0.001233 0.000358 0.000358 0.000358 0.000358 0.000358 0.000358 0.000358 0.001233 0.000358 0.001233 0.000358 0.000358 0.001233 0.000358 0.000358 0.000358 0.000358 0.001233 0.000358 0.003291 0.000358 0.000358 0.000358 0.000358 
2
-1
2
T
I 47 0.8
 I 195 0.1
  I 86 0.3
   I 183 0.9
    L 1 / 1
    L 1 / 1
   I 13 0.5
    L 1 / 1
    L 0 / 1
  I 82 0.2
   I 49 0.9
    L 1 / 1
    L 1 / 1
   I 11 0.5
    L 0 / 1
    L 0 / 1
 I 141 0.6
  I 191 0.2
   I 45 0.7
    L 1 / 1
    L 1 / 1
   I 84 0.8
    L 1 / 1
    L 0 / 1
  I 130 0.8
   I 152 0.7
    L 0 / 1
    L 0 / 1
   I 155 0.1
    L 1 / 1
    L 0 / 1
T
I 118 0.3
 I 115 0.8
  I 67 0.5
   I 11 0.9
    L 1 / 1
    L 0 / 1
   I 29 0.9
    L 0 / 1
    L 1 / 1
  I 117 0.2
   I 153 0.2
    L 1 / 1
    L 0 / 1
   I 67 0.8
    L 1 / 1
    L 0 / 1
 I 169 0.9
  I 111 0.8
   I 95 0.9
    L 1 / 1
    L 0 / 1
   I 191 0.9
    L 0 / 1
    L 0 / 1
  I 60 0.8
   I 123 0.3
    L 0 / 1
    L 1 / 1
   I 21 0.7
    L 0 / 1
    L 1 / 1
2
2.301486 1.157091 
1000
0.000361 0.001150 0.000361 0.001150 0.000361 0.001150 0.000361 0.000361 0.000361 0.001150 0.001150 0.003611 0.000361 0.001150 0.000361 0.000361 0.000361 0.000361 0.000361 0.000361 0.000361 0.001150 0.001150 0.000361 0.000361 0.001150 0.001150 0.000361 0.000361 0.000361 0.000361 0.000361 0.001150 0.000361 0.001150 0.000361 0.001150 0.000361 0.000361 0.000361 0.000361 0.000361 0.001150 0.000361 0.000361 0.001150 0.001150 0.000361 0.000361 0.000361 0.001150 0.003611 0.000361 0.000361 0.003611 0.000361 0.000361 0.000361 0.001150 0.000361 0.000361 0.001150 0.001150 0.003611 0.000361 0.001150 0.001150 0.001150 0.000361 0.000361 0.000361 0.001150 0.000361 0.001150 0.000361 0.000361 0.000361 0.001150 0.000361 0.000361 0.000361 0.000361 0.001150 0.000361 0.000361 0.001150 0.000361 0.001150 0.001150 0.003611 0.000361 0.001150 0.001150 0.000361 0.001150 0.001150 0.000361 0.000361 0.000361 0.000361 0.001150 0.001150 0.000361 0.001150 0.001150 0.000361 0.000361 0.000361 0.000361 0.000361 0.001150 0.000361 0.011485 0.000361 0.000361 0.001150 0.000361 0.000361 0.000361 0.001150 0.000361 0.001150 0.000361 0.000361 0.000361 0.000361 0.000361 0.000361 0.001150 0.003611 0.000361 0.001150 0.001150 0.001150 0.000361 0.000361 0.001150 0.001150 0.000361 0.000361 0.000361 0.001150 0.000361 0.001150 0.003611 0.000361 0.000361 0.000361 0.003611 0.000361 0.001150 0.000361 0.000361 0.000361 0.000361 0.000361 0.001150 0.001150 0.000361 0.003611 0.000361 0.000361 0.000361 0.001150 0.000361 0.000361 0.000361 0.001150 0.000361 0.000361 0.000361 0.001150 0.001150 0.000361 0.000361 0.000361 0.003611 0.000361 0.000361 0.000361 0.000361 0.001150 0.003611 0.003611 0.000361 0.000361 0.001150 0.000361 0.001150 0.000361 0.000361 0.000361 0.001150 0.001150 0.001150 0.001150 0.001150 0.000361 0.000361 0.000361 0.000361 0.001150 0.001150 0.000361 0.001150 0.001150 0.003611 0.000361 0.001150 0.000361 0.003611 0.003611 0.000361 0.000361 0.000361 0.001150 0.000361 0.001150 0.001150 0.000361 0.000361 0.000361 0.000361 0.000361 0.011485 0.000361 0.001150 0.000361 0.000361 0.000361 0.000361 0.003611 0.000361 0.000361 0.000361 0.003611 0.003611 0.000361 0.000361 0.000361 0.000361 0.000361 0.000361 0.000361 0.000361 0.000361 0.003611 0.003611 0.001150 0.000361 0.000361 0.000361 0.000361 0.000361 0.001150 0.001150 0.000361 0.003611 0.000361 0.000361 0.001150 0.000361 0.000361 0.000361 0.000361 0.000361 0.000361 0.000361 0.000361 0.001150 0.000361 0.000361 0.000361 0.000361 0.000361 0.001150 0.003611 0.003611 0.000361 0.001150 0.000361 0.000361 0.001150 0.000361 0.000361 0.000361 0.000361 0.000361 0.000361 0.000361 0.001150 0.001150 0.001150 0.000361 0.001150 0.000361 0.000361 0.000361 0.001150 0.000361 0.000361 0.001150 0.000361 0.011485 0.000361 0.001150 0.000361 0.000361 0.011485 0.001150 0.000361 0.000361 0.000361 0.000361 0.001150 0.000361 0.003611 0.000361 0.001150 0.003611 0.001150 0.003611 0.003611 0.000361 0.000361 0.001150 0.000361 0.000361 0.000361 0.000361 0.000361 0.000361 0.003611 0.000361 0.000361 0.000361 0.000361 0.003611 0.000361 0.000361 0.000361 0.000361 0.000361 0.000361 0.001150 0.000361 0.001150 0.001150 0.001150 0.000361 0.001150 0.000361 0.001150 0.000361 0.000361 0.000361 0.000361 0.000361 0.001150 0.000361 0.001150 0.001150 0.011485 0.000361 0.000361 0.000361 0.000361 0.000361 0.000361 0.000361 0.001150 0.003611 0.001150 0.000361 0.011485 0.000361 0.001150 0.000361 0.001150 0.001150 0.000361 0.000361 0.000361 0.000361 0.001150 0.000361 0.000361 0.000361 0.000361 0.000361 0.000361 0.000361 0.001150 0.000361 0.000361 0.001150 0.000361 0.003611 0.003611 0.001150 0.001150 0.000361 0.000361 0.001150 0.001150 0.000361 0.011485 0.001150 0.000361 0.001150 0.000361 0.001150 0.000361 0.000361 0.001150 0.000361 0.001150 0.000361 0.000361 0.000361 0.000361 0.000361 0.000361 0.000361 0.000361 0.000361 0.000361 0.001150 0.000361 0.001150 0.000361 0.000361 0.000361 0.001150 0.001150 0.001150 0.003611 0.000361 0.003611 0.001150 0.001150 0.003611 0.000361 0.001150 0.000361 0.000361 0.001150 0.000361 0.001150 0.001150 0.001150 0.001150 0.000361 0.000361 0.003611 0.000361 0.001150 0.000361 0.000361 0.000361 0.000361 0.000361 0.000361 0.000361 0.000361 0.000361 0.000361 0.001150 0.000361 0.000361 0.001150 0.011485 0.000361 0.001150 0.000361 0.000361 0.001150 0.001150 0.000361 0.003611 0.000361 0.000361 0.000361 0.001150 0.000361 0.003611 0.003611 0.000361 0.000361 0.000361 0.001150 0.003611 0.003611 0.001150 0.000361 0.001150 0.001150 0.000361 0.000361 0.001150 0.000361 0.000361 0.001150 0.000361 0.000361 0.000361 0.001150 0.003611 0.001150 0.000361 0.000361 0.000361 0.000361 0.001150 0.000361 0.003611 0.001150 0.000361 0.001150 0.000361 0.001150 0.000361 0.000361 0.001150 0.000361 0.003611 0.001150 0.000361 0.001150 0.000361 0.000361 0.000361 0.001150 0.000361 0.000361 0.000361 0.001150 0.000361 0.000361 0.001150 0.000361 0.000361 0.003611 0.001150 0.000361 0.001150 0.000361 0.000361 0.000361 0.000361 0.000361 0.001150 0.000361 0.001150 0.001150 0.000361 0.000361 0.001150 0.003611 0.000361 0.000361 0.000361 0.001150 0.001150 0.000361 0.001150 0.001150 0.000361 0.000361 0.000361 0.001150 0.003611 0.001150 0.000361 0.001150 0.000361 0.000361 0.000361 0.001150 0.001150 0.001150 0.000361 0.001150 0.000361 0.000361 0.000361 0.001150 0.001150 0.000361 0.000361 0.000361 0.000361 0.003611 0.000361 0.000361 0.000361 0.000361 0.000361 0.000361 0.001150 0.000361 0.000361 0.000361 0.000361 0.001150 0.000361 0.001150 0.000361 0.000361 0.001150 0.000361 0.000361 0.001150 0.000361 0.000361 0.000361 0.000361 0.001150 0.000361 0.000361 0.001150 0.001150 0.001150 0.001150 0.000361 0.000361 0.000361 0.003611 0.001150 0.000361 0.001150 0.000361 0.001150 0.000361 0.000361 0.001150 0.000361 0.003611 0.001150 0.000361 0.001150 0.001150 0.001150 0.000361 0.000361 0.000361 0.003611 0.000361 0.000361 0.001150 0.001150 0.000361 0.001150 0.000361 0.003611 0.000361 0.001150 0.000361 0.000361 0.000361 0.001150 0.001150 0.001150 0.000361 0.003611 0.000361 0.001150 0.000361 0.011485 0.000361 0.001150 0.003611 0.000361 0.001150 0.000361 0.003611 0.000361 0.000361 0.000361 0.000361 0.001150 0.000361 0.001150 0.000361 0.000361 0.000361 0.000361 0.000361 0.000361 0.001150 0.000361 0.000361 0.000361 0.003611 0.000361 0.003611 0.001150 0.001150 0.000361 0.000361 0.000361 0.000361 0.000361 0.001150 0.000361 0.001150 0.001150 0.000361 0.000361 0.000361 0.000361 0.000361 0.000361 0.000361 0.000361 0.000361 0.000361 0.000361 0.000361 0.000361 0.000361 0.000361 0.000361 0.001150 0.003611 0.000361 0.003611 0.000361 0.000361 0.011485 0.001150 0.000361 0.003611 0.001150 0.000361 0.001150 0.000361 0.000361 0.000361 0.000361 0.003611 0.000361 0.001150 0.000361 0.003611 0.000361 0.000361 0.001150 0.000361 0.000361 0.001150 0.000361 0.001150 0.000361 0.000361 0.003611 0.000361 0.000361 0.000361 0.000361 0.000361 0.000361 0.000361 0.000361 0.000361 0.003611 0.001150 0.001150 0.000361 0.001150 0.000361 0.001150 0.001150 0.001150 0.001150 0.001150 0.001150 0.003611 0.000361 0.003611 0.000361 0.000361 0.000361 0.000361 0.001150 0.000361 0.001150 0.000361 0.001150 0.000361 0.000361 0.000361 0.003611 0.001150 0.000361 0.001150 0.000361 0.011485 0.000361 0.000361 0.000361 0.000361 0.000361 0.000361 0.001150 0.000361 0.000361 0.001150 0.001150 0.000361 0.000361 0.000361 0.003611 0.000361 0.001150 0.003611 0.000361 0.003611 0.000361 0.000361 0.000361 0.001150 0.000361 0.000361 0.001150 0.000361 0.000361 0.000361 0.001150 0.001150 0.000361 0.000361 0.000361 0.000361 0.001150 0.001150 0.003611 0.001150 0.000361 0.000361 0.001150 0.000361 0.001150 0.001150 0.000361 0.000361 0.000361 0.001150 0.000361 0.000361 0.011485 0.000361 0.001150 0.000361 0.000361 0.000361 0.011485 0.000361 0.000361 0.000361 0.000361 0.000361 0.000361 0.000361 0.001150 0.003611 0.000361 0.000361 0.000361 0.000361 0.001150 0.000361 0.000361 0.000361 0.000361 0.001150 0.000361 0.000361 0.000361 0.000361 0.000361 0.000361 0.000361 0.001150 0.000361 0.000361 0.001150 0.001150 0.000361 0.001150 0.001150 0.001150 0.003611 0.000361 0.001150 0.001150 0.001150 0.001150 0.000361 0.000361 0.000361 0.001150 0.001150 0.000361 0.000361 0.001150 0.000361 0.000361 0.000361 0.001150 0.001150 0.000361 0.000361 0.001150 0.001150 0.001150 0.001150 0.003611 0.000361 0.000361 0.003611 0.000361 0.001150 0.001150 0.001150 0.000361 0.000361 0.001150 0.001150 0.000361 0.001150 0.000361 0.000361 0.000361 0.000361 0.000361 0.001150 0.001150 0.000361 0.001150 0.003611 0.000361 0.001150 0.000361 0.000361 0.000361 0.001150 0.000361 0.000361 0.001150 0.000361 0.001150 0.000361 0.000361 0.000361 0.003611 0.000361 0.001150 0.000361 0.001150 0.000361 0.001150 0.000361 0.000361 0.001150 0.001150 0.001150 0.000361 0.001150 0.000361 0.001150 0.003611 0.001150 0.000361 0.000361 0.001150 0.000361 0.001150 0.000361 0.000361 0.000361 0.000361 0.000361 0.000361 0.000361 0.001150 0.000361 0.001150 0.000361 0.001150 0.000361 0.001150 0.000361 0.001150 0.001150 0.000361 0.001150 0.001150 0.000361 0.000361 
3
-1
2
T
I 63 0.1
 I 76 0.3
  I 113 0.8
   I 133 0.6
    L 1 / 1
    L 0 / 1
   I 61 0.5
    L 0 / 1
    L 0 / 1
  I 91 0.4
   I 40 0.4
    L 1 / 1
    L 0 / 1
   I 19 0.5
    L 0 / 1
    L 0 / 1
 I 66 0.9
  I 99 0.4
   I 14 0.7
    L 1 / 1
    L 1 / 1
   I 126 0.5
    L 0 / 1
    L 1 / 1
  I 35 0.1
   I 182 0.2
    L 0 / 1
    L 0 / 1
   I 13 0.3
    L 1 / 1
    L 1 / 1
T
I 101 0.1
 I 92 0.4
  I 136 0.2
   I 11 0.6
    L 1 / 1
    L 0 / 1
   I 155 0.3
    L 1 / 1
    L 1 / 1
  I 75 0.9
   I 26 0.4
    L 1 / 1
    L 0 / 1
   I 69 0.3
    L 0 / 1
    L 0 / 1
 I 54 0.7
  I 59 0.7
   I 181 0.3
    L 0 / 1
    L 0 / 1
   I 68 0.6
    L 1 / 1
    L 0 / 1
  I 68 0.9
   I 91 0.1
    L 1 / 1
    L 1 / 1
   I 0 0.2
    L 0 / 1
    L 0 / 1
2
2.571429 1.445074 
1000
0.000333 0.000333 0.001411 0.001411 0.000333 0.000333 0.000333 0.000333 0.000333 0.000333 0.000333 0.000333 0.000333 0.000333 0.000333 0.000333 0.000333 0.004351 0.000333 0.000333 0.000333 0.000333 0.000333 0.001411 0.000333 0.000333 0.000333 0.000333 0.000333 0.000333 0.000333 0.000333 0.000333 0.004351 0.000333 0.000333 0.000333 0.000333 0.000333 0.000333 0.000333 0.000333 0.000333 0.000333 0.000333 0.001411 0.000333 0.000333 0.000333 0.000333 0.000333 0.000333 0.001411 0.000333 0.000333 0.004351 0.000333 0.000333 0.000333 0.000333 0.004351 0.000333 0.000333 0.000333 0.001411 0.000333 0.000333 0.000333 0.001411 0.000333 0.000333 0.000333 0.000333 0.000333 0.000333 0.000333 0.000333 0.000333 0.004351 0.000333 0.000333 0.004351 0.000333 0.000333 0.000333 0.001411 0.000333 0.000333 0.000333 0.000333 0.000333 0.000333 0.001411 0.000333 0.001411 0.000333 0.000333 0.000333 0.000333 0.000333 0.000333 0.000333 0.000333 0.001411 0.000333 0.000333 0.000333 0.001411 0.004351 0.000333 0.000333 0.001411 0.000333 0.000333 0.000333 0.000333 0.001411 0.004351 0.000333 0.000333 0.000333 0.000333 0.000333 0.000333 0.000333 0.000333 0.000333 0.000333 0.000333 0.000333 0.000333 0.000333 0.001411 0.000333 0.000333 0.000333 0.001411 0.001411 0.000333 0.000333 0.000333 0.000333 0.000333 0.000333 0.000333 0.001411 0.000333 0.000333 0.000333 0.000333 0.000333 0.000333 0.000333 0.001411 0.001411 0.000333 0.000333 0.000333 0.000333 0.000333 0.001411 0.000333 0.000333 0.001411 0.001411 0.018458 0.000333 0.001411 0.000333 0.000333 0.000333 0.000333 0.001411 0.000333 0.000333 0.000333 0.000333 0.000333 0.000333 0.000333 0.000333 0.000333 0.000333 0.000333 0.000333 0.000333 0.001411 0.004351 0.000333 0.000333 0.004351 0.001411 0.000333 0.000333 0.000333 0.000333 0.001411 0.000333 0.000333 0.000333 0.000333 0.000333 0.000333 0.000333 0.000333 0.000333 0.000333 0.001411 0.000333 0.000333 0.000333 0.000333 0.000333 0.000333 0.000333 0.000333 0.004351 0.000333 0.001411 0.000333 0.000333 0.000333 0.000333 0.000333 0.000333 0.000333 0.000333 0.000333 0.004351 0.000333 0.000333 0.000333 0.000333 0.000333 0.000333 0.000333 0.000333 0.000333 0.001411 0.000333 0.000333 0.000333 0.001411 0.001411 0.000333 0.000333 0.000333 0.000333 0.000333 0.000333 0.000333 0.000333 0.000333 0.000333 0.000333 0.000333 0.000333 0.000333 0.000333 0.001411 0.000333 0.000333 0.001411 0.000333 0.000333 0.000333 0.000333 0.000333 0.000333 0.001411 0.000333 0.000333 0.000333 0.000333 0.000333 0.000333 0.000333 0.000333 0.001411 0.000333 0.004351 0.000333 0.000333 0.000333 0.000333 0.004351 0.000333 0.000333 0.001411 0.001411 0.000333 0.000333 0.000333 0.000333 0.000333 0.000333 0.000333 0.000333 0.000333 0.000333 0.000333 0.000333 0.000333 0.000333 0.000333 0.000333 0.001411 0.001411 0.001411 0.000333 0.000333 0.000333 0.000333 0.000333 0.000333 0.000333 0.000333 0.001411 0.001411 0.000333 0.001411 0.001411 0.000333 0.004351 0.001411 0.000333 0.000333 0.000333 0.000333 0.000333 0.000333 0.001411 0.000333 0.000333 0.000333 0.000333 0.000333 0.000333 0.000333 0.000333 0.018458 0.004351 0.001411 0.000333 0.000333 0.000333 0.000333 0.001411 0.000333 0.000333 0.000333 0.000333 0.000333 0.000333 0.000333 0.018458 0.000333 0.000333 0.000333 0.000333 0.000333 0.000333 0.001411 0.001411 0.001411 0.000333 0.000333 0.000333 0.000333 0.004351 0.000333 0.000333 0.000333 0.004351 0.000333 0.000333 0.000333 0.000333 0.000333 0.000333 0.000333 0.000333 0.004351 0.000333 0.000333 0.000333 0.000333 0.000333 0.000333 0.000333 0.004351 0.000333 0.000333 0.000333 0.001411 0.000333 0.000333 0.000333 0.000333 0.004351 0.004351 0.004351 0.000333 0.000333 0.000333 0.000333 0.000333 0.001411 0.000333 0.000333 0.000333 0.000333 0.004351 0.000333 0.000333 0.000333 0.000333 0.000333 0.000333 0.000333 0.018458 0.000333 0.001411 0.004351 0.000333 0.000333 0.000333 0.000333 0.000333 0.001411 0.004351 0.000333 0.000333 0.000333 0.004351 0.001411 0.000333 0.004351 0.000333 0.000333 0.001411 0.000333 0.000333 0.000333 0.000333 0.000333 0.000333 0.000333 0.000333 0.000333 0.000333 0.001411 0.000333 0.004351 0.000333 0.000333 0.000333 0.000333 0.001411 0.000333 0.004351 0.000333 0.018458 0.000333 0.000333 0.000333 0.000333 0.000333 0.000333 0.000333 0.000333 0.000333 0.004351 0.000333 0.000333 0.001411 0.000333 0.000333 0.001411 0.000333 0.000333 0.000333 0.000333 0.001411 0.004351 0.000333 0.000333 0.000333 0.000333 0.000333 0.000333 0.001411 0.000333 0.000333 0.000333 0.000333 0.001411 0.000333 0.001411 0.000333 0.000333 0.000333 0.001411 0.000333 0.001411 0.000333 0.000333 0.000333 0.000333 0.000333 0.000333 0.001411 0.000333 0.000333 0.000333 0.000333 0.000333 0.004351 0.000333 0.000333 0.000333 0.001411 0.000333 0.000333 0.000333 0.000333 0.000333 0.000333 0.018458 0.001411 0.018458 0.000333 0.000333 0.000333 0.000333 0.000333 0.000333 0.000333 0.000333 0.000333 0.000333 0.000333 0.000333 0.000333 0.000333 0.000333 0.000333 0.000333 0.000333 0.000333 0.000333 0.000333 0.000333 0.000333 0.000333 0.000333 0.000333 0.000333 0.000333 0.000333 0.004351 0.000333 0.001411 0.000333 0.000333 0.000333 0.000333 0.000333 0.000333 0.001411 0.000333 0.000333 0.000333 0.000333 0.000333 0.000333 0.000333 0.000333 0.000333 0.000333 0.000333 0.000333 0.004351 0.000333 0.001411 0.000333 0.000333 0.000333 0.000333 0.000333 0.000333 0.000333 0.000333 0.000333 0.000333 0.000333 0.000333 0.000333 0.004351 0.000333 0.018458 0.000333 0.000333 0.000333 0.000333 0.004351 0.000333 0.000333 0.000333 0.000333 0.001411 0.001411 0.000333 0.000333 0.000333 0.000333 0.000333 0.000333 0.004351 0.000333 0.000333 0.000333 0.000333 0.001411 0.000333 0.000333 0.000333 0.000333 0.001411 0.004351 0.000333 0.000333 0.000333 0.000333 0.000333 0.000333 0.000333 0.000333 0.000333 0.001411 0.000333 0.000333 0.001411 0.000333 0.000333 0.000333 0.000333 0.000333 0.000333 0.000333 0.000333 0.000333 0.000333 0.000333 0.000333 0.000333 0.000333 0.000333 0.000333 0.000333 0.000333 0.000333 0.000333 0.001411 0.000333 0.001411 0.000333 0.000333 0.000333 0.004351 0.001411 0.000333 0.001411 0.001411 0.000333 0.000333 0.004351 0.000333 0.000333 0.000333 0.001411 0.000333 0.000333 0.001411 0.000333 0.000333 0.000333 0.018458 0.000333 0.000333 0.000333 0.000333 0.000333 0.000333 0.000333 0.000333 0.000333 0.000333 0.000333 0.001411 0.001411 0.000333 0.000333 0.000333 0.001411 0.000333 0.000333 0.000333 0.000333 0.000333 0.001411 0.000333 0.001411 0.001411 0.000333 0.001411 0.000333 0.001411 0.001411 0.000333 0.001411 0.000333 0.000333 0.001411 0.000333 0.001411 0.000333 0.000333 0.000333 0.000333 0.000333 0.000333 0.000333 0.001411 0.004351 0.000333 0.000333 0.000333 0.001411 0.000333 0.000333 0.000333 0.000333 0.018458 0.000333 0.000333 0.000333 0.000333 0.001411 0.000333 0.000333 0.000333 0.000333 0.000333 0.001411 0.000333 0.000333 0.000333 0.000333 0.000333 0.000333 0.000333 0.000333 0.000333 0.000333 0.000333 0.000333 0.000333 0.000333 0.001411 0.000333 0.000333 0.000333 0.001411 0.000333 0.000333 0.000333 0.000333 0.000333 0.000333 0.000333 0.000333 0.000333 0.000333 0.000333 0.004351 0.000333 0.000333 0.001411 0.000333 0.001411 0.001411 0.000333 0.000333 0.001411 0.004351 0.004351 0.000333 0.000333 0.000333 0.000333 0.000333 0.000333 0.001411 0.000333 0.001411 0.000333 0.000333 0.000333 0.001411 0.000333 0.000333 0.000333 0.000333 0.000333 0.000333 0.018458 0.000333 0.000333 0.000333 0.000333 0.000333 0.000333 0.000333 0.000333 0.000333 0.004351 0.000333 0.000333 0.000333 0.000333 0.004351 0.001411 0.000333 0.000333 0.000333 0.000333 0.000333 0.000333 0.000333 0.000333 0.000333 0.001411 0.000333 0.004351 0.001411 0.000333 0.000333 0.000333 0.000333 0.000333 0.000333 0.000333 0.000333 0.000333 0.000333 0.000333 0.000333 0.001411 0.000333 0.000333 0.000333 0.000333 0.000333 0.001411 0.000333 0.000333 0.000333 0.000333 0.000333 0.001411 0.018458 0.000333 0.000333 0.000333 0.000333 0.000333 0.000333 0.000333 0.004351 0.000333 0.000333 0.000333 0.000333 0.000333 0.000333 0.000333 0.000333 0.000333 0.000333 0.001411 0.000333 0.000333 0.018458 0.000333 0.000333 0.000333 0.000333 0.000333 0.000333 0.000333 0.000333 0.000333 0.004351 0.000333 0.000333 0.000333 0.004351 0.001411 0.000333 0.001411 0.000333 0.000333 0.000333 0.000333 0.000333 0.000333 0.001411 0.000333 0.000333 0.000333 0.000333 0.000333 0.000333 0.001411 0.000333 0.000333 0.000333 0.000333 0.000333 0.000333 0.004351 0.000333 0.000333 0.000333 0.000333 0.000333 0.000333 0.004351 0.000333 0.000333 0.000333 0.000333 0.000333 0.000333 0.000333 0.004351 0.000333 0.000333 0.000333 0.000333 0.001411 0.000333 0.000333 0.000333 0.000333 0.000333 0.000333 0.018458 0.000333 0.000333 0.000333 0.001411 0.000333 0.000333 0.000333 0.000333 0.000333 0.000333 0.000333 0.001411 0.000333 0.001411 0.001411 0.000333 0.001411 0.000333 0.000333 0.000333 0.000333 0.000333 0.001411 0.000333 0.000333 0.000333 0.000333 0.018458 0.000333 0.000333 0.000333 0.018458 0.000333 0.018458 0.001411 0.000333 0.000333 0.000333 0.000333 0.000333 0.000333 
4
-1
2
T
I 54 0.2
 I 173 0.6
  I 6 0.3
   I 43 0.6
    L 1 / 1
    L 1 / 1
   I 93 0.7
    L 1 / 1
    L 1 / 1
  I 125 0.9
   I 143 0.3
    L 1 / 1
    L 1 / 1
   I 6 0.7
    L 0 / 1
    L 1 / 1
 I 43 0.1
  I 37 0.8
   I 140 0.6
    L 0 / 1
    L 1 / 1
   I 40 0.9
    L 0 / 1
    L 0 / 1
  I 95 0.8
   I 27 0.8
    L 0 / 1
    L 0 / 1
   I 0 0.7
    L 1 / 1
    L 0 / 1
T
I 158 0.1
 I 124 0.2
  I 166 0.3
   I 43 0.8
    L 0 / 1
    L 1 / 1
   I 44 0.1
    L 0 / 1
    L 1 / 1
  I 192 0.9
   I 42 0.9
    L 1 / 1
    L 0 / 1
   I 79 0.3
    L 0 / 1
    L 1 / 1
 I 104 0.5
  I 11 0.9
   I 1 0.1
    L 1 / 1
    L 1 / 1
   I 166 0.2
    L 1 / 1
    L 0 / 1
  I 123 0.8
   I 128 0.4
    L 0 / 1
    L 1 / 1
   I 168 0.3
    L 1 / 1
    L 0 / 1
2
2.483824 1.055190 
1000
0.000365 0.000365 0.000365 0.000365 0.000365 0.004377 0.000365 0.000365 0.000365 0.000365 0.001049 0.000365 0.004377 0.004377 0.000365 0.001049 0.012573 0.000365 0.000365 0.000365 0.000365 0.001049 0.000365 0.000365 0.001049 0.000365 0.000365 0.000365 0.000365 0.000365 0.001049 0.000365 0.000365 0.000365 0.004377 0.000365 0.000365 0.000365 0.000365 0.000365 0.000365 0.000365 0.000365 0.000365 0.000365 0.000365 0.004377 0.000365 0.000365 0.000365 0.000365 0.000365 0.000365 0.000365 0.000365 0.000365 0.000365 0.012573 0.000365 0.000365 0.000365 0.000365 0.001049 0.001049 0.000365 0.004377 0.000365 0.000365 0.000365 0.000365 0.000365 0.000365 0.001049 0.004377 0.000365 0.000365 0.000365 0.004377 0.000365 0.000365 0.001049 0.000365 0.000365 0.000365 0.000365 0.000365 0.000365 0.000365 0.004377 0.001049 0.004377 0.004377 0.000365 0.000365 0.000365 0.000365 0.012573 0.000365 0.001049 0.000365 0.000365 0.000365 0.000365 0.000365 0.004377 0.000365 0.000365 0.000365 0.004377 0.000365 0.001049 0.000365 0.000365 0.000365 0.001049 0.000365 0.000365 0.000365 0.004377 0.001049 0.001049 0.012573 0.000365 0.001049 0.000365 0.000365 0.000365 0.000365 0.001049 0.001049 0.000365 0.000365 0.000365 0.000365 0.000365 0.000365 0.000365 0.000365 0.000365 0.001049 0.000365 0.000365 0.000365 0.000365 0.001049 0.000365 0.000365 0.001049 0.001049 0.000365 0.004377 0.000365 0.000365 0.001049 0.012573 0.000365 0.000365 0.001049 0.000365 0.000365 0.000365 0.001049 0.001049 0.000365 0.000365 0.000365 0.000365 0.000365 0.000365 0.000365 0.000365 0.004377 0.000365 0.001049 0.000365 0.000365 0.000365 0.000365 0.000365 0.000365 0.000365 0.004377 0.001049 0.001049 0.000365 0.000365 0.000365 0.000365 0.000365 0.000365 0.000365 0.000365 0.004377 0.001049 0.012573 0.000365 0.000365 0.000365 0.000365 0.000365 0.001049 0.000365 0.000365 0.000365 0.000365 0.000365 0.001049 0.000365 0.000365 0.000365 0.000365 0.000365 0.000365 0.000365 0.000365 0.001049 0.000365 0.004377 0.000365 0.001049 0.000365 0.001049 0.001049 0.001049 0.001049 0.000365 0.000365 0.000365 0.000365 0.000365 0.000365 0.001049 0.000365 0.001049 0.000365 0.001049 0.000365 0.000365 0.000365 0.000365 0.000365 0.001049 0.000365 0.000365 0.000365 0.000365 0.000365 0.001049 0.000365 0.000365 0.001049 0.000365 0.000365 0.000365 0.000365 0.000365 0.000365 0.001049 0.000365 0.000365 0.000365 0.000365 0.000365 0.000365 0.012573 0.000365 0.001049 0.001049 0.000365 0.000365 0.000365 0.000365 0.000365 0.000365 0.004377 0.012573 0.001049 0.001049 0.000365 0.000365 0.012573 0.000365 0.001049 0.001049 0.000365 0.000365 0.001049 0.000365 0.000365 0.000365 0.000365 0.001049 0.004377 0.000365 0.000365 0.000365 0.000365 0.000365 0.000365 0.000365 0.000365 0.000365 0.000365 0.000365 0.000365 0.001049 0.000365 0.001049 0.000365 0.000365 0.000365 0.001049 0.000365 0.000365 0.004377 0.001049 0.000365 0.000365 0.012573 0.000365 0.000365 0.000365 0.001049 0.012573 0.000365 0.000365 0.000365 0.000365 0.001049 0.000365 0.001049 0.000365 0.001049 0.000365 0.001049 0.000365 0.000365 0.001049 0.000365 0.001049 0.000365 0.000365 0.000365 0.000365 0.001049 0.012573 0.004377 0.000365 0.000365 0.000365 0.001049 0.000365 0.000365 0.001049 0.000365 0.000365 0.000365 0.000365 0.000365 0.000365 0.000365 0.000365 0.000365 0.000365 0.000365 0.000365 0.000365 0.004377 0.000365 0.000365 0.000365 0.001049 0.001049 0.000365 0.000365 0.000365 0.000365 0.000365 0.000365 0.000365 0.001049 0.001049 0.001049 0.012573 0.004377 0.001049 0.012573 0.001049 0.004377 0.000365 0.000365 0.001049 0.001049 0.001049 0.000365 0.000365 0.000365 0.000365 0.000365 0.000365 0.000365 0.004377 0.000365 0.004377 0.000365 0.004377 0.000365 0.001049 0.000365 0.000365 0.000365 0.000365 0.000365 0.000365 0.001049 0.001049 0.001049 0.004377 0.000365 0.000365 0.000365 0.000365 0.000365 0.000365 0.000365 0.001049 0.000365 0.000365 0.000365 0.000365 0.000365 0.000365 0.000365 0.001049 0.000365 0.000365 0.001049 0.000365 0.001049 0.000365 0.000365 0.000365 0.000365 0.012573 0.001049 0.000365 0.000365 0.000365 0.000365 0.000365 0.000365 0.000365 0.000365 0.000365 0.001049 0.000365 0.000365 0.000365 0.000365 0.001049 0.000365 0.000365 0.000365 0.001049 0.000365 0.012573 0.001049 0.001049 0.000365 0.000365 0.000365 0.000365 0.000365 0.000365 0.000365 0.000365 0.000365 0.004377 0.000365 0.000365 0.000365 0.000365 0.001049 0.000365 0.000365 0.001049 0.001049 0.000365 0.000365 0.000365 0.000365 0.000365 0.001049 0.004377 0.000365 0.012573 0.004377 0.000365 0.000365 0.000365 0.001049 0.000365 0.000365 0.000365 0.000365 0.001049 0.000365 0.001049 0.000365 0.000365 0.000365 0.012573 0.000365 0.000365 0.000365 0.001049 0.000365 0.000365 0.004377 0.000365 0.000365 0.000365 0.000365 0.000365 0.001049 0.000365 0.001049 0.000365 0.000365 0.000365 0.000365 0.000365 0.000365 0.000365 0.000365 0.001049 0.000365 0.000365 0.000365 0.000365 0.000365 0.000365 0.001049 0.000365 0.000365 0.004377 0.001049 0.000365 0.001049 0.000365 0.001049 0.000365 0.001049 0.004377 0.000365 0.001049 0.000365 0.000365 0.001049 0.000365 0.000365 0.000365 0.000365 0.001049 0.000365 0.000365 0.001049 0.001049 0.000365 0.000365 0.000365 0.001049 0.000365 0.000365 0.000365 0.000365 0.012573 0.001049 0.000365 0.000365 0.000365 0.000365 0.000365 0.000365 0.000365 0.000365 0.001049 0.001049 0.000365 0.000365 0.000365 0.000365 0.001049 0.000365 0.000365 0.000365 0.000365 0.000365 0.000365 0.000365 0.000365 0.000365 0.000365 0.004377 0.000365 0.000365 0.000365 0.000365 0.000365 0.000365 0.000365 0.000365 0.000365 0.001049 0.001049 0.001049 0.000365 0.012573 0.000365 0.000365 0.012573 0.004377 0.001049 0.000365 0.000365 0.000365 0.001049 0.000365 0.000365 0.000365 0.000365 0.000365 0.000365 0.000365 0.001049 0.000365 0.000365 0.000365 0.000365 0.000365 0.000365 0.001049 0.012573 0.000365 0.000365 0.001049 0.000365 0.000365 0.000365 0.004377 0.000365 0.000365 0.000365 0.000365 0.000365 0.000365 0.001049 0.000365 0.004377 0.000365 0.000365 0.001049 0.000365 0.000365 0.000365 0.000365 0.000365 0.000365 0.001049 0.000365 0.000365 0.000365 0.000365 0.000365 0.000365 0.001049 0.000365 0.000365 0.000365 0.000365 0.000365 0.000365 0.000365 0.000365 0.001049 0.001049 0.001049 0.000365 0.000365 0.000365 0.000365 0.000365 0.000365 0.001049 0.000365 0.000365 0.000365 0.000365 0.000365 0.000365 0.000365 0.000365 0.000365 0.000365 0.000365 0.000365 0.001049 0.001049 0.000365 0.000365 0.000365 0.000365 0.000365 0.000365 0.004377 0.000365 0.000365 0.001049 0.000365 0.000365 0.000365 0.000365 0.000365 0.000365 0.001049 0.000365 0.000365 0.000365 0.000365 0.000365 0.000365 0.000365 0.000365 0.000365 0.000365 0.000365 0.000365 0.000365 0.000365 0.000365 0.001049 0.000365 0.000365 0.000365 0.001049 0.000365 0.004377 0.001049 0.000365 0.000365 0.004377 0.000365 0.000365 0.000365 0.000365 0.001049 0.000365 0.000365 0.000365 0.000365 0.000365 0.000365 0.000365 0.000365 0.001049 0.001049 0.000365 0.000365 0.000365 0.000365 0.001049 0.001049 0.000365 0.000365 0.000365 0.001049 0.000365 0.001049 0.000365 0.001049 0.000365 0.000365 0.000365 0.000365 0.000365 0.000365 0.000365 0.000365 0.000365 0.004377 0.000365 0.000365 0.000365 0.000365 0.000365 0.000365 0.000365 0.000365 0.000365 0.001049 0.000365 0.001049 0.000365 0.000365 0.000365 0.000365 0.001049 0.000365 0.001049 0.000365 0.001049 0.000365 0.000365 0.000365 0.000365 0.001049 0.000365 0.001049 0.000365 0.000365 0.000365 0.001049 0.001049 0.000365 0.000365 0.000365 0.000365 0.000365 0.000365 0.000365 0.000365 0.000365 0.000365 0.000365 0.000365 0.000365 0.000365 0.001049 0.001049 0.004377 0.000365 0.000365 0.000365 0.000365 0.000365 0.000365 0.001049 0.001049 0.000365 0.000365 0.001049 0.000365 0.000365 0.001049 0.000365 0.001049 0.000365 0.000365 0.000365 0.000365 0.001049 0.001049 0.000365 0.000365 0.000365 0.001049 0.000365 0.000365 0.000365 0.001049 0.000365 0.000365 0.000365 0.001049 0.000365 0.000365 0.000365 0.000365 0.000365 0.000365 0.000365 0.001049 0.000365 0.000365 0.000365 0.000365 0.001049 0.004377 0.000365 0.000365 0.000365 0.012573 0.000365 0.004377 0.000365 0.004377 0.000365 0.004377 0.000365 0.000365 0.000365 0.000365 0.000365 0.000365 0.000365 0.000365 0.000365 0.000365 0.000365 0.000365 0.000365 0.000365 0.000365 0.000365 0.000365 0.001049 0.000365 0.000365 0.000365 0.000365 0.001049 0.001049 0.000365 0.000365 0.000365 0.000365 0.000365 0.001049 0.000365 0.000365 0.001049 0.000365 0.000365 0.001049 0.000365 0.000365 0.004377 0.001049 0.000365 0.001049 0.000365 0.001049 0.000365 0.000365 0.000365 0.000365 0.000365 0.000365 0.000365 0.001049 0.000365 0.000365 0.000365 0.001049 0.001049 0.001049 0.000365 0.000365 0.000365 0.000365 0.000365 0.000365 0.000365 0.000365 0.000365 0.001049 0.000365 0.000365 0.000365 0.000365 0.000365 0.001049 0.000365 0.004377 0.000365 0.000365 0.004377 0.000365 0.000365 0.000365 0.000365 0.000365 0.000365 0.000365 0.000365 0.001049 0.001049 0.012573 0.000365 0.000365 0.000365 0.000365 0.000365 0.000365 0.004377 0.000365 0.000365 0.001049 0.000365 0.000365 
5
-1
2
T
I 7 0.9
 I 103 0.9
  I 29 0.5
   I 38 0.9
    L 1 / 1
    L 0 / 1
   I 195 0.4
    L 0 / 1
    L 1 / 1
  I 41 0.7
   I 194 0.5
    L 0 / 1
    L 0 / 1
   I 86 0.4
    L 0 / 1
    L 0 / 1
 I 25 0.6
  I 74 0.8
   I 189 0.5
    L 1 / 1
    L 1 / 1
   I 148 0.2
    L 1 / 1
    L 0 / 1
  I 31 0.9
   I 7 0.7
    L 0 / 1
    L 1 / 1
   I 7 0.1
    L 1 / 1
    L 0 / 1
T
I 65 0.1
 I 181 0.7
  I 33 0.3
   I 125 0.9
    L 1 / 1
    L 0 / 1
   I 143 0.7
    L 1 / 1
    L 0 / 1
  I 129 0.6
   I 0 0.6
    L 0 / 1
    L 0 / 1
   I 2 0.8
    L 1 / 1
    L 0 / 1
 I 22 0.6
  I 187 0.7
   I 105 0.4
    L 1 / 1
    L 1 / 1
   I 113 0.3
    L 1 / 1
    L 1 / 1
  I 130 0.7
   I 94 0.7
    L 1 / 1
    L 1 / 1
   I 12 0.6
    L 1 / 1
    L 1 / 1
2
2.512306 1.623782 
1000
0.000324 0.001641 0.000324 0.000324 0.000324 0.000324 0.000324 0.003990 0.001641 0.003990 0.000324 0.001641 0.000324 0.001641 0.000324 0.001641 0.000324 0.000324 0.000324 0.001641 0.001641 0.000324 0.000324 0.000324 0.000324 0.000324 0.000324 0.003990 0.001641 0.000324 0.000324 0.000324 0.000324 0.003990 0.000324 0.001641 0.000324 0.000324 0.000324 0.001641 0.000324 0.000324 0.000324 0.000324 0.000324 0.003990 0.001641 0.000324 0.003990 0.001641 0.001641 0.000324 0.000324 0.000324 0.000324 0.001641 0.000324 0.000324 0.000324 0.000324 0.020241 0.000324 0.000324 0.000324 0.000324 0.000324 0.000324 0.000324 0.000324 0.000324 0.000324 0.000324 0.001641 0.000324 0.000324 0.003990 0.001641 0.001641 0.000324 0.001641 0.000324 0.000324 0.000324 0.000324 0.001641 0.000324 0.000324 0.000324 0.001641 0.000324 0.000324 0.001641 0.000324 0.000324 0.000324 0.020241 0.000324 0.000324 0.000324 0.000324 0.000324 0.000324 0.000324 0.000324 0.001641 0.000324 0.001641 0.000324 0.000324 0.000324 0.000324 0.001641 0.001641 0.003990 0.000324 0.000324 0.000324 0.000324 0.001641 0.000324 0.000324 0.000324 0.000324 0.000324 0.000324 0.000324 0.000324 0.000324 0.001641 0.000324 0.003990 0.003990 0.000324 0.000324 0.000324 0.000324 0.000324 0.000324 0.000324 0.000324 0.000324 0.000324 0.001641 0.000324 0.001641 0.000324 0.000324 0.000324 0.000324 0.003990 0.001641 0.000324 0.003990 0.000324 0.001641 0.000324 0.000324 0.001641 0.000324 0.001641 0.000324 0.001641 0.000324 0.000324 0.001641 0.000324 0.000324 0.000324 0.001641 0.000324 0.000324 0.001641 0.000324 0.000324 0.001641 0.003990 0.000324 0.001641 0.003990 0.000324 0.001641 0.001641 0.000324 0.000324 0.000324 0.000324 0.000324 0.000324 0.000324 0.000324 0.000324 0.000324 0.001641 0.000324 0.001641 0.000324 0.000324 0.001641 0.001641 0.000324 0.000324 0.000324 0.000324 0.000324 0.001641 0.000324 0.000324 0.003990 0.000324 0.000324 0.000324 0.000324 0.000324 0.000324 0.000324 0.000324 0.000324 0.001641 0.000324 0.000324 0.001641 0.003990 0.001641 0.000324 0.000324 0.000324 0.000324 0.001641 0.003990 0.000324 0.001641 0.000324 0.003990 0.000324 0.000324 0.000324 0.000324 0.000324 0.000324 0.001641 0.000324 0.000324 0.000324 0.020241 0.000324 0.003990 0.001641 0.000324 0.000324 0.001641 0.000324 0.001641 0.003990 0.000324 0.000324 0.000324 0.000324 0.001641 0.003990 0.000324 0.000324 0.000324 0.000324 0.000324 0.000324 0.000324 0.000324 0.000324 0.001641 0.003990 0.000324 0.000324 0.001641 0.000324 0.000324 0.000324 0.000324 0.001641 0.000324 0.000324 0.001641 0.000324 0.001641 0.000324 0.001641 0.000324 0.001641 0.000324 0.000324 0.000324 0.000324 0.000324 0.000324 0.000324 0.000324 0.000324 0.000324 0.000324 0.000324 0.001641 0.003990 0.000324 0.001641 0.000324 0.000324 0.001641 0.000324 0.000324 0.000324 0.000324 0.001641 0.000324 0.000324 0.000324 0.001641 0.000324 0.000324 0.000324 0.001641 0.000324 0.000324 0.000324 0.000324 0.000324 0.000324 0.003990 0.000324 0.000324 0.000324 0.001641 0.000324 0.000324 0.001641 0.000324 0.001641 0.000324 0.001641 0.001641 0.000324 0.001641 0.000324 0.001641 0.000324 0.000324 0.000324 0.000324 0.000324 0.001641 0.000324 0.001641 0.000324 0.003990 0.000324 0.001641 0.000324 0.000324 0.003990 0.000324 0.000324 0.003990 0.000324 0.000324 0.000324 0.000324 0.001641 0.000324 0.000324 0.000324 0.001641 0.001641 0.000324 0.001641 0.000324 0.000324 0.000324 0.000324 0.000324 0.000324 0.000324 0.000324 0.000324 0.000324 0.000324 0.000324 0.000324 0.000324 0.000324 0.001641 0.000324 0.000324 0.003990 0.000324 0.001641 0.000324 0.000324 0.000324 0.003990 0.001641 0.000324 0.000324 0.000324 0.000324 0.001641 0.000324 0.000324 0.000324 0.000324 0.003990 0.000324 0.003990 0.000324 0.000324 0.001641 0.000324 0.001641 0.000324 0.000324 0.000324 0.000324 0.000324 0.000324 0.000324 0.001641 0.000324 0.000324 0.000324 0.000324 0.000324 0.001641 0.001641 0.000324 0.001641 0.000324 0.000324 0.001641 0.000324 0.000324 0.020241 0.000324 0.000324 0.000324 0.001641 0.000324 0.000324 0.001641 0.000324 0.000324 0.000324 0.001641 0.003990 0.000324 0.000324 0.001641 0.003990 0.000324 0.000324 0.000324 0.001641 0.001641 0.000324 0.000324 0.000324 0.001641 0.001641 0.001641 0.000324 0.000324 0.000324 0.000324 0.000324 0.000324 0.000324 0.000324 0.000324 0.000324 0.003990 0.020241 0.001641 0.000324 0.000324 0.000324 0.000324 0.000324 0.000324 0.000324 0.000324 0.000324 0.001641 0.003990 0.000324 0.001641 0.000324 0.001641 0.001641 0.000324 0.000324 0.001641 0.001641 0.000324 0.000324 0.001641 0.000324 0.000324 0.000324 0.000324 0.000324 0.001641 0.000324 0.003990 0.001641 0.000324 0.000324 0.000324 0.000324 0.001641 0.001641 0.000324 0.000324 0.000324 0.000324 0.000324 0.000324 0.000324 0.000324 0.000324 0.000324 0.000324 0.000324 0.001641 0.000324 0.003990 0.000324 0.000324 0.000324 0.000324 0.001641 0.001641 0.000324 0.000324 0.000324 0.000324 0.000324 0.000324 0.001641 0.000324 0.001641 0.000324 0.000324 0.000324 0.001641 0.001641 0.000324 0.000324 0.000324 0.000324 0.000324 0.000324 0.000324 0.001641 0.001641 0.000324 0.000324 0.000324 0.003990 0.001641 0.000324 0.000324 0.000324 0.001641 0.000324 0.000324 0.000324 0.000324 0.000324 0.000324 0.000324 0.000324 0.000324 0.003990 0.001641 0.000324 0.000324 0.000324 0.001641 0.000324 0.001641 0.000324 0.003990 0.001641 0.000324 0.001641 0.000324 0.001641 0.000324 0.000324 0.000324 0.000324 0.000324 0.003990 0.000324 0.000324 0.000324 0.000324 0.000324 0.000324 0.000324 0.000324 0.000324 0.001641 0.000324 0.000324 0.003990 0.001641 0.000324 0.000324 0.000324 0.001641 0.001641 0.003990 0.000324 0.000324 0.000324 0.000324 0.000324 0.000324 0.001641 0.000324 0.000324 0.000324 0.003990 0.000324 0.000324 0.000324 0.001641 0.003990 0.000324 0.000324 0.000324 0.000324 0.000324 0.001641 0.000324 0.000324 0.000324 0.000324 0.000324 0.000324 0.000324 0.000324 0.000324 0.000324 0.003990 0.000324 0.000324 0.000324 0.001641 0.000324 0.000324 0.001641 0.001641 0.000324 0.000324 0.000324 0.000324 0.000324 0.000324 0.000324 0.000324 0.000324 0.000324 0.000324 0.000324 0.000324 0.000324 0.000324 0.000324 0.000324 0.001641 0.000324 0.001641 0.000324 0.001641 0.000324 0.000324 0.000324 0.001641 0.003990 0.001641 0.000324 0.000324 0.001641 0.000324 0.000324 0.000324 0.000324 0.001641 0.000324 0.000324 0.000324 0.000324 0.000324 0.000324 0.000324 0.000324 0.000324 0.000324 0.000324 0.001641 0.000324 0.001641 0.000324 0.000324 0.000324 0.000324 0.000324 0.000324 0.000324 0.003990 0.000324 0.000324 0.000324 0.000324 0.000324 0.000324 0.000324 0.003990 0.000324 0.000324 0.001641 0.000324 0.000324 0.000324 0.000324 0.000324 0.000324 0.000324 0.003990 0.000324 0.000324 0.001641 0.001641 0.000324 0.000324 0.000324 0.000324 0.000324 0.000324 0.000324 0.000324 0.000324 0.000324 0.001641 0.000324 0.000324 0.000324 0.000324 0.000324 0.001641 0.000324 0.000324 0.000324 0.001641 0.000324 0.000324 0.001641 0.000324 0.000324 0.000324 0.001641 0.000324 0.000324 0.000324 0.000324 0.001641 0.000324 0.000324 0.000324 0.000324 0.001641 0.001641 0.000324 0.000324 0.001641 0.020241 0.001641 0.003990 0.000324 0.001641 0.000324 0.000324 0.001641 0.003990 0.000324 0.000324 0.000324 0.003990 0.003990 0.000324 0.000324 0.001641 0.000324 0.001641 0.001641 0.000324 0.000324 0.000324 0.001641 0.000324 0.001641 0.003990 0.000324 0.000324 0.000324 0.000324 0.000324 0.000324 0.000324 0.001641 0.000324 0.003990 0.000324 0.000324 0.001641 0.000324 0.000324 0.000324 0.000324 0.001641 0.000324 0.000324 0.000324 0.001641 0.000324 0.000324 0.000324 0.000324 0.000324 0.000324 0.001641 0.000324 0.000324 0.000324 0.000324 0.000324 0.001641 0.000324 0.000324 0.000324 0.000324 0.000324 0.000324 0.001641 0.000324 0.001641 0.000324 0.001641 0.000324 0.000324 0.000324 0.000324 0.001641 0.001641 0.000324 0.000324 0.000324 0.001641 0.000324 0.003990 0.001641 0.000324 0.000324 0.000324 0.000324 0.000324 0.000324 0.000324 0.000324 0.001641 0.003990 0.000324 0.000324 0.000324 0.001641 0.000324 0.000324 0.003990 0.003990 0.000324 0.000324 0.000324 0.000324 0.001641 0.001641 0.000324 0.001641 0.000324 0.000324 0.001641 0.000324 0.000324 0.001641 0.000324 0.000324 0.000324 0.000324 0.000324 0.003990 0.003990 0.000324 0.000324 0.000324 0.000324 0.001641 0.000324 0.000324 0.000324 0.000324 0.000324 0.000324 0.000324 0.001641 0.000324 0.000324 0.000324 0.000324 0.001641 0.000324 0.000324 0.003990 0.000324 0.000324 0.000324 0.000324 0.000324 0.000324 0.000324 0.001641 0.000324 0.020241 0.000324 0.000324 0.000324 0.000324 0.000324 0.000324 0.000324 0.000324 0.000324 0.000324 0.000324 0.001641 0.000324 0.000324 0.000324 0.000324 0.001641 0.000324 0.000324 0.001641 0.000324 0.000324 0.000324 0.000324 0.001641 0.003990 0.000324 0.000324 0.001641 0.000324 0.000324 0.000324 0.000324 0.000324 0.001641 0.000324 0.000324 0.001641 0.000324 0.000324 0.003990 0.000324 0.000324 0.000324 0.001641 0.000324 0.000324 0.000324 0.001641 0.001641 0.000324 0.003990 0.000324 0.000324 0.020241 0.001641 0.000324 0.000324 0.003990 0.000324 0.000324 
6
-1
2
T
I 43 0.3
 I 93 0.8
  I 14 0.8
   I 143 0.4
    L 0 / 1
    L 0 / 1
   I 35 0.7
    L 1 / 1
    L 1 / 1
  I 140 0.8
   I 178 0.9
    L 1 / 1
    L 1 / 1
   I 168 0.8
    L 1 / 1
    L 1 / 1
 I 70 0.8
  I 168 0.2
   I 4 0.8
    L 1 / 1
    L 0 / 1
   I 17 0.4
    L 0 / 1
    L 1 / 1
  I 68 0.8
   I 10 0.8
    L 0 / 1
    L 1 / 1
   I 187 0.2
    L 1 / 1
    L 0 / 1
T
I 109 0.7
 I 180 0.3
  I 34 0.4
   I 194 0.7
    L 1 / 1
    L 1 / 1
   I 16 0.8
    L 0 / 1
    L 1 / 1
  I 183 0.3
   I 35 0.7
    L 0 / 1
    L 1 / 1
   I 137 0.9
    L 0 / 1
    L 0 / 1
 I 12 0.1
  I 145 0.3
   I 183 0.6
    L 0 / 1
    L 0 / 1
   I 18 0.6
    L 0 / 1
    L 0 / 1
  I 70 0.5
   I 75 0.9
    L 0 / 1
    L 1 / 1
   I 103 0.1
    L 0 / 1
    L 1 / 1
2
2.301486 1.473757 
1000
0.001476 0.003377 0.000338 0.000338 0.000338 0.000338 0.000338 0.000338 0.001476 0.000338 0.000338 0.000338 0.000338 0.000338 0.000338 0.000338 0.000338 0.000338 0.000338 0.000338 0.001476 0.000338 0.001476 0.000338 0.001476 0.003377 0.000338 0.000338 0.014741 0.000338 0.000338 0.000338 0.001476 0.000338 0.000338 0.000338 0.000338 0.000338 0.000338 0.000338 0.000338 0.003377 0.000338 0.000338 0.003377 0.000338 0.000338 0.001476 0.000338 0.000338 0.014741 0.000338 0.000338 0.000338 0.001476 0.000338 0.000338 0.000338 0.000338 0.000338 0.001476 0.000338 0.001476 0.001476 0.000338 0.000338 0.003377 0.003377 0.000338 0.003377 0.014741 0.001476 0.000338 0.000338 0.003377 0.000338 0.001476 0.000338 0.000338 0.000338 0.000338 0.000338 0.001476 0.000338 0.000338 0.003377 0.003377 0.000338 0.000338 0.001476 0.000338 0.000338 0.000338 0.000338 0.000338 0.000338 0.001476 0.000338 0.000338 0.001476 0.000338 0.000338 0.001476 0.003377 0.001476 0.000338 0.001476 0.000338 0.000338 0.000338 0.000338 0.000338 0.000338 0.000338 0.000338 0.001476 0.000338 0.000338 0.001476 0.001476 0.000338 0.000338 0.000338 0.000338 0.000338 0.000338 0.000338 0.000338 0.001476 0.001476 0.000338 0.000338 0.000338 0.000338 0.000338 0.000338 0.000338 0.000338 0.001476 0.000338 0.000338 0.000338 0.000338 0.000338 0.000338 0.000338 0.000338 0.001476 0.000338 0.000338 0.001476 0.000338 0.000338 0.000338 0.000338 0.000338 0.001476 0.001476 0.000338 0.000338 0.000338 0.000338 0.000338 0.000338 0.000338 0.000338 0.000338 0.000338 0.000338 0.000338 0.003377 0.001476 0.000338 0.000338 0.001476 0.000338 0.001476 0.000338 0.000338 0.000338 0.001476 0.001476 0.000338 0.000338 0.001476 0.003377 0.000338 0.001476 0.003377 0.000338 0.000338 0.000338 0.001476 0.000338 0.001476 0.003377 0.000338 0.000338 0.001476 0.000338 0.000338 0.003377 0.000338 0.000338 0.001476 0.003377 0.001476 0.000338 0.001476 0.000338 0.000338 0.000338 0.014741 0.000338 0.000338 0.001476 0.000338 0.000338 0.003377 0.000338 0.000338 0.000338 0.000338 0.000338 0.000338 0.001476 0.001476 0.000338 0.000338 0.000338 0.001476 0.000338 0.000338 0.000338 0.000338 0.000338 0.000338 0.000338 0.014741 0.000338 0.003377 0.000338 0.000338 0.000338 0.000338 0.000338 0.000338 0.001476 0.003377 0.000338 0.000338 0.001476 0.000338 0.001476 0.003377 0.000338 0.000338 0.001476 0.000338 0.000338 0.000338 0.003377 0.000338 0.000338 0.000338 0.003377 0.000338 0.000338 0.001476 0.000338 0.000338 0.000338 0.000338 0.000338 0.000338 0.000338 0.000338 0.001476 0.000338 0.000338 0.000338 0.000338 0.001476 0.001476 0.001476 0.001476 0.000338 0.000338 0.000338 0.003377 0.001476 0.000338 0.000338 0.000338 0.000338 0.000338 0.001476 0.000338 0.000338 0.001476 0.000338 0.001476 0.000338 0.000338 0.000338 0.001476 0.001476 0.000338 0.000338 0.001476 0.001476 0.000338 0.000338 0.000338 0.001476 0.000338 0.000338 0.003377 0.000338 0.000338 0.000338 0.000338 0.000338 0.000338 0.000338 0.000338 0.000338 0.000338 0.000338 0.001476 0.000338 0.000338 0.000338 0.000338 0.000338 0.000338 0.000338 0.001476 0.000338 0.001476 0.000338 0.000338 0.000338 0.000338 0.001476 0.000338 0.000338 0.001476 0.000338 0.000338 0.001476 0.000338 0.003377 0.000338 0.000338 0.000338 0.000338 0.000338 0.001476 0.000338 0.003377 0.001476 0.000338 0.000338 0.000338 0.014741 0.000338 0.000338 0.000338 0.000338 0.000338 0.000338 0.001476 0.000338 0.000338 0.000338 0.000338 0.000338 0.000338 0.000338 0.000338 0.000338 0.000338 0.000338 0.000338 0.000338 0.000338 0.000338 0.000338 0.000338 0.001476 0.000338 0.001476 0.000338 0.000338 0.000338 0.000338 0.001476 0.000338 0.000338 0.001476 0.000338 0.001476 0.000338 0.000338 0.000338 0.000338 0.000338 0.000338 0.000338 0.000338 0.003377 0.000338 0.000338 0.001476 0.000338 0.000338 0.000338 0.000338 0.000338 0.000338 0.000338 0.000338 0.000338 0.000338 0.000338 0.000338 0.000338 0.001476 0.000338 0.000338 0.001476 0.000338 0.000338 0.000338 0.000338 0.000338 0.000338 0.000338 0.000338 0.003377 0.000338 0.000338 0.001476 0.000338 0.000338 0.001476 0.000338 0.003377 0.000338 0.000338 0.000338 0.000338 0.000338 0.000338 0.000338 0.000338 0.001476 0.000338 0.000338 0.000338 0.000338 0.000338 0.000338 0.001476 0.000338 0.000338 0.014741 0.000338 0.000338 0.003377 0.000338 0.000338 0.000338 0.000338 0.000338 0.000338 0.000338 0.000338 0.000338 0.000338 0.000338 0.000338 0.000338 0.000338 0.000338 0.000338 0.000338 0.000338 0.000338 0.003377 0.000338 0.001476 0.000338 0.000338 0.000338 0.000338 0.000338 0.000338 0.000338 0.000338 0.000338 0.001476 0.000338 0.000338 0.000338 0.000338 0.000338 0.000338 0.000338 0.001476 0.001476 0.000338 0.003377 0.001476 0.000338 0.000338 0.000338 0.000338 0.000338 0.003377 0.000338 0.014741 0.003377 0.000338 0.000338 0.001476 0.000338 0.000338 0.000338 0.000338 0.000338 0.000338 0.000338 0.000338 0.000338 0.000338 0.000338 0.014741 0.003377 0.000338 0.000338 0.000338 0.000338 0.003377 0.000338 0.000338 0.000338 0.000338 0.001476 0.000338 0.000338 0.000338 0.001476 0.000338 0.001476 0.003377 0.000338 0.000338 0.001476 0.000338 0.014741 0.000338 0.000338 0.001476 0.000338 0.001476 0.001476 0.000338 0.000338 0.000338 0.000338 0.000338 0.000338 0.001476 0.000338 0.000338 0.000338 0.000338 0.003377 0.000338 0.000338 0.000338 0.001476 0.000338 0.000338 0.000338 0.000338 0.001476 0.001476 0.001476 0.000338 0.000338 0.001476 0.000338 0.000338 0.003377 0.001476 0.000338 0.000338 0.000338 0.000338 0.001476 0.000338 0.000338 0.000338 0.000338 0.000338 0.000338 0.003377 0.000338 0.000338 0.000338 0.000338 0.000338 0.000338 0.001476 0.001476 0.000338 0.000338 0.000338 0.001476 0.001476 0.003377 0.000338 0.000338 0.000338 0.001476 0.001476 0.000338 0.000338 0.000338 0.000338 0.001476 0.000338 0.000338 0.000338 0.001476 0.000338 0.000338 0.000338 0.001476 0.000338 0.014741 0.003377 0.000338 0.001476 0.000338 0.001476 0.000338 0.000338 0.000338 0.003377 0.000338 0.000338 0.001476 0.000338 0.000338 0.000338 0.001476 0.001476 0.000338 0.003377 0.000338 0.000338 0.003377 0.001476 0.000338 0.001476 0.000338 0.003377 0.000338 0.000338 0.000338 0.000338 0.001476 0.000338 0.001476 0.000338 0.000338 0.000338 0.001476 0.000338 0.000338 0.000338 0.000338 0.000338 0.000338 0.000338 0.000338 0.001476 0.001476 0.000338 0.000338 0.000338 0.000338 0.001476 0.000338 0.000338 0.000338 0.003377 0.003377 0.000338 0.000338 0.000338 0.000338 0.000338 0.000338 0.003377 0.000338 0.000338 0.000338 0.000338 0.000338 0.000338 0.000338 0.000338 0.000338 0.014741 0.000338 0.000338 0.000338 0.000338 0.000338 0.000338 0.000338 0.000338 0.000338 0.001476 0.000338 0.003377 0.000338 0.000338 0.000338 0.000338 0.003377 0.000338 0.001476 0.003377 0.001476 0.001476 0.000338 0.003377 0.000338 0.000338 0.000338 0.000338 0.000338 0.000338 0.000338 0.000338 0.000338 0.000338 0.000338 0.000338 0.000338 0.000338 0.001476 0.000338 0.003377 0.000338 0.000338 0.000338 0.000338 0.000338 0.003377 0.001476 0.000338 0.001476 0.000338 0.000338 0.001476 0.001476 0.003377 0.001476 0.000338 0.000338 0.000338 0.000338 0.000338 0.014741 0.000338 0.000338 0.000338 0.000338 0.000338 0.000338 0.001476 0.003377 0.000338 0.001476 0.000338 0.000338 0.003377 0.000338 0.000338 0.000338 0.000338 0.000338 0.000338 0.000338 0.000338 0.001476 0.000338 0.001476 0.000338 0.000338 0.001476 0.001476 0.001476 0.000338 0.001476 0.000338 0.000338 0.000338 0.000338 0.000338 0.000338 0.000338 0.000338 0.000338 0.000338 0.000338 0.000338 0.000338 0.003377 0.003377 0.001476 0.001476 0.000338 0.000338 0.001476 0.014741 0.000338 0.003377 0.000338 0.001476 0.000338 0.000338 0.000338 0.003377 0.000338 0.000338 0.001476 0.000338 0.000338 0.001476 0.001476 0.000338 0.014741 0.000338 0.001476 0.000338 0.000338 0.001476 0.000338 0.003377 0.000338 0.000338 0.000338 0.001476 0.000338 0.000338 0.000338 0.000338 0.001476 0.000338 0.000338 0.001476 0.000338 0.000338 0.001476 0.000338 0.000338 0.000338 0.000338 0.000338 0.000338 0.000338 0.000338 0.003377 0.000338 0.000338 0.000338 0.000338 0.000338 0.000338 0.000338 0.000338 0.003377 0.003377 0.000338 0.000338 0.000338 0.000338 0.000338 0.000338 0.001476 0.003377 0.000338 0.001476 0.003377 0.000338 0.000338 0.000338 0.000338 0.000338 0.000338 0.000338 0.000338 0.000338 0.000338 0.000338 0.000338 0.000338 0.000338 0.000338 0.000338 0.000338 0.000338 0.001476 0.000338 0.003377 0.001476 0.001476 0.001476 0.000338 0.000338 0.000338 0.000338 0.001476 0.000338 0.000338 0.000338 0.003377 0.000338 0.000338 0.000338 0.001476 0.001476 0.001476 0.000338 0.000338 0.003377 0.000338 0.000338 0.000338 0.000338 0.000338 0.001476 0.000338 0.000338 0.000338 0.000338 0.000338 0.001476 0.000338 0.000338 0.000338 0.000338 0.000338 0.003377 0.000338 0.001476 0.000338 0.000338 0.000338 0.000338 0.003377 0.014741 0.000338 0.000338 0.001476 0.000338 0.000338 0.000338 0.001476 0.000338 0.000338 0.000338 0.000338 0.000338 0.003377 0.000338 0.000338 0.001476 0.000338 0.000338 0.001476 0.000338 0.000338 0.000338 0.000338 0.000338 0.000338 0.000338 0.000338 0.001476 0.000338 0.000338 
7
-1
2
T
I 66 0.9
 I 47 0.6
  I 174 0.3
   I 38 0.4
    L 0 / 1
    L 1 / 1
   I 144 0.4
    L 0 / 1
    L 0 / 1
  I 161 0.8
   I 182 0.4
    L 0 / 1
    L 0 / 1
   I 30 0.6
    L 0 / 1
    L 0 / 1
 I 110 0.8
  I 156 0.2
   I 58 0.4
    L 0 / 1
    L 0 / 1
   I 92 0.3
    L 0 / 1
    L 0 / 1
  I 106 0.9
   I 8 0.3
    L 1 / 1
    L 0 / 1
   I 33 0.2
    L 0 / 1
    L 0 / 1
T
I 153 0.4
 I 64 0.3
  I 191 0.4
   I 83 0.9
    L 1 / 1
    L 1 / 1
   I 0 0.8
    L 1 / 1
    L 1 / 1
  I 179 0.1
   I 4 0.2
    L 1 / 1
    L 0 / 1
   I 188 0.9
    L 1 / 1
    L 1 / 1
 I 156 0.7
  I 123 0.1
   I 66 0.8
    L 1 / 1
    L 1 / 1
   I 133 0.5
    L 1 / 1
    L 0 / 1
  I 23 0.9
   I 73 0.7
    L 0 / 1
    L 0 / 1
   I 104 0.6
    L 1 / 1
    L 0 / 1
2
2.289456 1.189843 
1000
0.000359 0.000359 0.003544 0.000359 0.001180 0.000359 0.003544 0.001180 0.000359 0.000359 0.000359 0.000359 0.000359 0.001180 0.000359 0.001180 0.000359 0.001180 0.003544 0.001180 0.000359 0.000359 0.000359 0.001180 0.011648 0.000359 0.000359 0.001180 0.000359 0.000359 0.000359 0.001180 0.000359 0.000359 0.000359 0.001180 0.000359 0.001180 0.003544 0.003544 0.001180 0.001180 0.000359 0.000359 0.000359 0.000359 0.000359 0.000359 0.000359 0.001180 0.000359 0.000359 0.001180 0.003544 0.000359 0.001180 0.000359 0.000359 0.000359 0.000359 0.000359 0.001180 0.000359 0.000359 0.000359 0.001180 0.000359 0.000359 0.000359 0.001180 0.000359 0.000359 0.001180 0.000359 0.000359 0.000359 0.000359 0.000359 0.001180 0.001180 0.000359 0.001180 0.000359 0.001180 0.000359 0.000359 0.000359 0.000359 0.000359 0.000359 0.003544 0.000359 0.000359 0.003544 0.000359 0.001180 0.000359 0.001180 0.001180 0.000359 0.000359 0.000359 0.000359 0.000359 0.000359 0.003544 0.000359 0.000359 0.001180 0.001180 0.000359 0.001180 0.001180 0.001180 0.001180 0.000359 0.001180 0.001180 0.000359 0.000359 0.001180 0.001180 0.003544 0.000359 0.000359 0.000359 0.000359 0.003544 0.000359 0.000359 0.001180 0.000359 0.000359 0.000359 0.000359 0.001180 0.000359 0.000359 0.000359 0.001180 0.000359 0.000359 0.000359 0.000359 0.000359 0.000359 0.001180 0.000359 0.000359 0.000359 0.000359 0.003544 0.000359 0.001180 0.000359 0.000359 0.000359 0.000359 0.001180 0.000359 0.000359 0.001180 0.001180 0.000359 0.000359 0.000359 0.000359 0.000359 0.001180 0.000359 0.000359 0.000359 0.000359 0.001180 0.000359 0.000359 0.000359 0.000359 0.000359 0.003544 0.000359 0.000359 0.000359 0.000359 0.000359 0.000359 0.000359 0.000359 0.000359 0.000359 0.000359 0.001180 0.000359 0.000359 0.000359 0.000359 0.000359 0.001180 0.000359 0.003544 0.001180 0.000359 0.000359 0.001180 0.000359 0.000359 0.000359 0.001180 0.001180 0.000359 0.000359 0.000359 0.000359 0.000359 0.000359 0.000359 0.000359 0.000359 0.000359 0.000359 0.000359 0.001180 0.000359 0.000359 0.001180 0.011648 0.000359 0.000359 0.000359 0.001180 0.000359 0.000359 0.000359 0.003544 0.000359 0.000359 0.000359 0.001180 0.001180 0.001180 0.000359 0.001180 0.000359 0.000359 0.003544 0.000359 0.000359 0.000359 0.000359 0.001180 0.003544 0.000359 0.001180 0.000359 0.000359 0.000359 0.000359 0.000359 0.000359 0.000359 0.000359 0.000359 0.000359 0.001180 0.011648 0.000359 0.001180 0.001180 0.000359 0.000359 0.000359 0.011648 0.001180 0.001180 0.001180 0.000359 0.000359 0.000359 0.000359 0.000359 0.000359 0.003544 0.000359 0.000359 0.000359 0.000359 0.001180 0.003544 0.000359 0.000359 0.000359 0.003544 0.000359 0.003544 0.000359 0.000359 0.000359 0.001180 0.000359 0.000359 0.000359 0.000359 0.003544 0.001180 0.011648 0.000359 0.000359 0.001180 0.001180 0.000359 0.000359 0.003544 0.001180 0.000359 0.000359 0.001180 0.000359 0.000359 0.000359 0.000359 0.000359 0.000359 0.000359 0.000359 0.000359 0.000359 0.001180 0.003544 0.001180 0.000359 0.000359 0.000359 0.000359 0.000359 0.001180 0.001180 0.001180 0.000359 0.003544 0.000359 0.000359 0.001180 0.000359 0.001180 0.000359 0.001180 0.000359 0.000359 0.000359 0.001180 0.000359 0.000359 0.000359 0.001180 0.001180 0.000359 0.001180 0.000359 0.000359 0.001180 0.000359 0.000359 0.001180 0.003544 0.001180 0.001180 0.000359 0.003544 0.001180 0.001180 0.000359 0.000359 0.000359 0.000359 0.001180 0.001180 0.000359 0.001180 0.000359 0.000359 0.000359 0.001180 0.001180 0.000359 0.000359 0.003544 0.001180 0.000359 0.001180 0.001180 0.000359 0.003544 0.000359 0.001180 0.000359 0.000359 0.000359 0.000359 0.001180 0.000359 0.000359 0.001180 0.000359 0.000359 0.000359 0.001180 0.001180 0.000359 0.000359 0.001180 0.000359 0.000359 0.000359 0.001180 0.000359 0.001180 0.000359 0.001180 0.000359 0.003544 0.000359 0.000359 0.001180 0.001180 0.001180 0.001180 0.001180 0.000359 0.000359 0.000359 0.000359 0.000359 0.000359 0.000359 0.000359 0.000359 0.000359 0.000359 0.000359 0.000359 0.000359 0.000359 0.000359 0.000359 0.000359 0.011648 0.000359 0.000359 0.000359 0.000359 0.000359 0.000359 0.001180 0.000359 0.000359 0.003544 0.000359 0.000359 0.000359 0.001180 0.001180 0.003544 0.001180 0.001180 0.000359 0.000359 0.001180 0.000359 0.001180 0.001180 0.000359 0.001180 0.001180 0.001180 0.001180 0.000359 0.000359 0.000359 0.001180 0.001180 0.000359 0.000359 0.001180 0.001180 0.000359 0.000359 0.000359 0.001180 0.000359 0.000359 0.000359 0.001180 0.000359 0.011648 0.003544 0.001180 0.000359 0.001180 0.001180 0.000359 0.001180 0.003544 0.000359 0.000359 0.003544 0.001180 0.000359 0.000359 0.000359 0.000359 0.000359 0.000359 0.003544 0.000359 0.000359 0.000359 0.000359 0.001180 0.000359 0.003544 0.000359 0.000359 0.001180 0.000359 0.011648 0.000359 0.000359 0.003544 0.000359 0.000359 0.001180 0.001180 0.000359 0.000359 0.011648 0.001180 0.000359 0.011648 0.000359 0.000359 0.003544 0.000359 0.000359 0.000359 0.000359 0.001180 0.001180 0.000359 0.001180 0.000359 0.001180 0.000359 0.001180 0.000359 0.000359 0.000359 0.000359 0.003544 0.000359 0.000359 0.000359 0.001180 0.000359 0.000359 0.000359 0.000359 0.000359 0.000359 0.000359 0.000359 0.000359 0.000359 0.000359 0.000359 0.000359 0.003544 0.000359 0.003544 0.000359 0.000359 0.000359 0.000359 0.000359 0.000359 0.000359 0.001180 0.000359 0.000359 0.000359 0.000359 0.000359 0.003544 0.001180 0.000359 0.001180 0.000359 0.000359 0.000359 0.000359 0.001180 0.001180 0.001180 0.000359 0.003544 0.011648 0.000359 0.001180 0.001180 0.001180 0.000359 0.000359 0.001180 0.000359 0.001180 0.001180 0.001180 0.000359 0.000359 0.001180 0.000359 0.000359 0.000359 0.000359 0.000359 0.000359 0.000359 0.001180 0.000359 0.000359 0.000359 0.000359 0.001180 0.000359 0.000359 0.001180 0.000359 0.003544 0.000359 0.000359 0.000359 0.000359 0.000359 0.000359 0.000359 0.000359 0.001180 0.000359 0.000359 0.000359 0.001180 0.011648 0.000359 0.000359 0.003544 0.000359 0.000359 0.003544 0.003544 0.000359 0.000359 0.000359 0.000359 0.000359 0.001180 0.000359 0.000359 0.000359 0.000359 0.000359 0.000359 0.000359 0.000359 0.000359 0.001180 0.001180 0.000359 0.001180 0.000359 0.000359 0.001180 0.000359 0.000359 0.000359 0.000359 0.001180 0.000359 0.001180 0.000359 0.000359 0.000359 0.000359 0.000359 0.003544 0.000359 0.003544 0.001180 0.000359 0.000359 0.001180 0.000359 0.000359 0.000359 0.001180 0.000359 0.000359 0.000359 0.000359 0.000359 0.000359 0.001180 0.001180 0.000359 0.003544 0.001180 0.001180 0.001180 0.000359 0.001180 0.001180 0.000359 0.001180 0.001180 0.003544 0.000359 0.000359 0.001180 0.000359 0.000359 0.000359 0.001180 0.000359 0.000359 0.000359 0.000359 0.001180 0.000359 0.001180 0.000359 0.000359 0.000359 0.000359 0.003544 0.000359 0.001180 0.000359 0.000359 0.000359 0.011648 0.001180 0.003544 0.000359 0.001180 0.001180 0.001180 0.001180 0.000359 0.000359 0.000359 0.003544 0.000359 0.000359 0.003544 0.003544 0.001180 0.001180 0.000359 0.000359 0.001180 0.000359 0.000359 0.003544 0.000359 0.000359 0.000359 0.000359 0.001180 0.000359 0.000359 0.000359 0.000359 0.000359 0.003544 0.000359 0.000359 0.000359 0.001180 0.000359 0.000359 0.000359 0.000359 0.000359 0.001180 0.000359 0.000359 0.000359 0.000359 0.001180 0.001180 0.001180 0.001180 0.000359 0.000359 0.000359 0.000359 0.000359 0.001180 0.000359 0.000359 0.000359 0.000359 0.001180 0.000359 0.000359 0.001180 0.000359 0.000359 0.001180 0.000359 0.003544 0.000359 0.001180 0.000359 0.001180 0.001180 0.000359 0.000359 0.000359 0.000359 0.000359 0.000359 0.001180 0.000359 0.000359 0.000359 0.000359 0.000359 0.000359 0.011648 0.001180 0.003544 0.000359 0.003544 0.000359 0.000359 0.000359 0.000359 0.000359 0.000359 0.000359 0.001180 0.001180 0.000359 0.000359 0.003544 0.000359 0.001180 0.000359 0.003544 0.000359 0.000359 0.011648 0.000359 0.000359 0.000359 0.000359 0.000359 0.000359 0.001180 0.000359 0.003544 0.001180 0.000359 0.003544 0.003544 0.011648 0.000359 0.001180 0.001180 0.000359 0.001180 0.000359 0.003544 0.001180 0.001180 0.011648 0.001180 0.000359 0.000359 0.000359 0.000359 0.000359 0.000359 0.000359 0.000359 0.000359 0.000359 0.000359 0.000359 0.000359 0.003544 0.000359 0.000359 0.001180 0.000359 0.000359 0.000359 0.000359 0.000359 0.000359 0.000359 0.000359 0.000359 0.000359 0.000359 0.000359 0.000359 0.000359 0.000359 0.000359 0.001180 0.000359 0.000359 0.000359 0.000359 0.000359 0.000359 0.000359 0.000359 0.000359 0.000359 0.000359 0.001180 0.000359 0.001180 0.000359 0.000359 0.000359 0.000359 0.000359 0.000359 0.000359 0.000359 0.000359 0.000359 0.003544 0.001180 0.000359 0.000359 0.003544 0.000359 0.001180 0.000359 0.011648 0.003544 0.001180 0.000359 0.000359 0.000359 0.001180 0.000359 0.001180 0.000359 0.000359 0.000359 0.001180 0.000359 0.000359 0.001180 0.000359 0.001180 0.000359 0.000359 0.000359 0.001180 0.000359 0.000359 0.000359 0.000359 0.000359 0.000359 0.003544 0.000359 0.000359 0.001180 0.001180 0.000359 0.001180 0.000359 0.000359 0.003544 0.001180 0.000359 0.000359 0.001180 0.000359 0.001180 0.000359 0.000359 0.000359 0.000359 
8
-1
2
T
I 177 0.4
 I 67 0.2
  I 46 0.1
   I 134 0.5
    L 1 / 1
    L 0 / 1
   I 0 0.4
    L 1 / 1
    L 0 / 1
  I 66 0.9
   I 92 0.8
    L 1 / 1
    L 1 / 1
   I 170 0.9
    L 0 / 1
    L 1 / 1
 I 26 0.8
  I 46 0.2
   I 152 0.9
    L 0 / 1
    L 1 / 1
   I 155 0.1
    L 0 / 1
    L 1 / 1
  I 156 0.1
   I 82 0.6
    L 0 / 1
    L 0 / 1
   I 45 0.3
    L 0 / 1
    L 0 / 1
T
I 14 0.5
 I 15 0.4
  I 38 0.2
   I 58 0.3
    L 0 / 1
    L 0 / 1
   I 76 0.2
    L 0 / 1
    L 1 / 1
  I 107 0.3
   I 4 0.3
    L 1 / 1
    L 1 / 1
   I 167 0.4
    L 0 / 1
    L 0 / 1
 I 144 0.1
  I 107 0.8
   I 154 0.3
    L 0 / 1
    L 1 / 1
   I 124 0.9
    L 0 / 1
    L 0 / 1
  I 190 0.7
   I 62 0.6
    L 1 / 1
    L 1 / 1
   I 92 0.3
    L 1 / 1
    L 0 / 1
2
2.277543 1.285164 
1000
0.001272 0.001272 0.000352 0.001272 0.000352 0.001272 0.000352 0.000352 0.000352 0.000352 0.000352 0.000352 0.000352 0.000352 0.001272 0.001272 0.000352 0.001272 0.000352 0.000352 0.000352 0.000352 0.000352 0.003432 0.000352 0.001272 0.000352 0.001272 0.001272 0.001272 0.000352 0.000352 0.000352 0.001272 0.000352 0.000352 0.000352 0.001272 0.000352 0.000352 0.001272 0.001272 0.000352 0.000352 0.000352 0.000352 0.000352 0.000352 0.000352 0.003432 0.001272 0.000352 0.003432 0.000352 0.000352 0.001272 0.001272 0.000352 0.000352 0.000352 0.000352 0.001272 0.000352 0.000352 0.000352 0.000352 0.000352 0.001272 0.003432 0.003432 0.001272 0.012406 0.000352 0.000352 0.000352 0.001272 0.000352 0.000352 0.000352 0.001272 0.000352 0.001272 0.000352 0.000352 0.000352 0.003432 0.001272 0.000352 0.000352 0.000352 0.000352 0.000352 0.003432 0.000352 0.003432 0.000352 0.000352 0.000352 0.000352 0.000352 0.001272 0.000352 0.003432 0.003432 0.000352 0.000352 0.001272 0.000352 0.000352 0.000352 0.000352 0.000352 0.000352 0.001272 0.000352 0.000352 0.003432 0.001272 0.000352 0.000352 0.000352 0.000352 0.001272 0.000352 0.000352 0.000352 0.000352 0.000352 0.000352 0.000352 0.001272 0.000352 0.001272 0.000352 0.001272 0.000352 0.000352 0.003432 0.000352 0.000352 0.001272 0.000352 0.000352 0.000352 0.000352 0.003432 0.000352 0.000352 0.000352 0.000352 0.000352 0.000352 0.000352 0.001272 0.000352 0.000352 0.000352 0.000352 0.012406 0.001272 0.000352 0.000352 0.000352 0.001272 0.003432 0.000352 0.001272 0.001272 0.000352 0.000352 0.000352 0.000352 0.003432 0.000352 0.000352 0.001272 0.000352 0.000352 0.001272 0.000352 0.001272 0.000352 0.000352 0.000352 0.000352 0.000352 0.001272 0.001272 0.001272 0.001272 0.001272 0.000352 0.000352 0.000352 0.001272 0.000352 0.000352 0.001272 0.000352 0.000352 0.000352 0.001272 0.000352 0.000352 0.000352 0.001272 0.000352 0.000352 0.001272 0.000352 0.000352 0.001272 0.001272 0.001272 0.000352 0.000352 0.001272 0.000352 0.001272 0.000352 0.000352 0.000352 0.000352 0.000352 0.000352 0.001272 0.000352 0.000352 0.000352 0.000352 0.001272 0.000352 0.000352 0.000352 0.000352 0.000352 0.000352 0.000352 0.001272 0.000352 0.000352 0.000352 0.003432 0.000352 0.000352 0.000352 0.001272 0.000352 0.000352 0.003432 0.000352 0.000352 0.000352 0.000352 0.001272 0.001272 0.001272 0.000352 0.001272 0.000352 0.001272 0.000352 0.001272 0.012406 0.000352 0.000352 0.000352 0.000352 0.000352 0.000352 0.012406 0.000352 0.000352 0.000352 0.000352 0.000352 0.000352 0.000352 0.001272 0.000352 0.001272 0.000352 0.000352 0.000352 0.000352 0.000352 0.000352 0.000352 0.000352 0.003432 0.001272 0.000352 0.000352 0.000352 0.000352 0.000352 0.000352 0.000352 0.000352 0.000352 0.000352 0.000352 0.000352 0.000352 0.000352 0.000352 0.001272 0.001272 0.001272 0.000352 0.001272 0.000352 0.000352 0.001272 0.000352 0.000352 0.001272 0.003432 0.001272 0.000352 0.003432 0.000352 0.000352 0.000352 0.003432 0.000352 0.003432 0.000352 0.000352 0.000352 0.000352 0.003432 0.000352 0.000352 0.000352 0.000352 0.000352 0.000352 0.000352 0.000352 0.001272 0.001272 0.001272 0.000352 0.000352 0.000352 0.000352 0.000352 0.003432 0.000352 0.000352 0.000352 0.001272 0.000352 0.000352 0.001272 0.000352 0.001272 0.000352 0.000352 0.001272 0.000352 0.001272 0.000352 0.003432 0.001272 0.001272 0.000352 0.000352 0.001272 0.003432 0.000352 0.000352 0.000352 0.001272 0.000352 0.000352 0.000352 0.000352 0.000352 0.000352 0.000352 0.000352 0.001272 0.000352 0.000352 0.000352 0.000352 0.000352 0.000352 0.000352 0.000352 0.000352 0.000352 0.003432 0.003432 0.000352 0.000352 0.001272 0.000352 0.000352 0.000352 0.001272 0.000352 0.000352 0.000352 0.012406 0.000352 0.001272 0.000352 0.000352 0.000352 0.001272 0.000352 0.012406 0.000352 0.000352 0.000352 0.000352 0.000352 0.000352 0.000352 0.000352 0.001272 0.001272 0.000352 0.003432 0.000352 0.003432 0.000352 0.001272 0.000352 0.000352 0.000352 0.001272 0.001272 0.000352 0.000352 0.001272 0.000352 0.001272 0.000352 0.000352 0.000352 0.000352 0.001272 0.000352 0.000352 0.001272 0.000352 0.000352 0.001272 0.000352 0.001272 0.000352 0.000352 0.001272 0.001272 0.003432 0.003432 0.001272 0.001272 0.001272 0.000352 0.012406 0.000352 0.000352 0.003432 0.000352 0.000352 0.001272 0.001272 0.012406 0.001272 0.000352 0.000352 0.000352 0.000352 0.003432 0.000352 0.003432 0.012406 0.000352 0.000352 0.001272 0.000352 0.000352 0.003432 0.000352 0.000352 0.001272 0.000352 0.000352 0.000352 0.000352 0.000352 0.000352 0.000352 0.003432 0.000352 0.000352 0.000352 0.000352 0.000352 0.000352 0.000352 0.000352 0.000352 0.000352 0.000352 0.000352 0.000352 0.000352 0.000352 0.000352 0.000352 0.001272 0.001272 0.000352 0.001272 0.001272 0.001272 0.000352 0.001272 0.000352 0.000352 0.000352 0.000352 0.001272 0.003432 0.000352 0.001272 0.000352 0.000352 0.000352 0.000352 0.003432 0.000352 0.001272 0.000352 0.000352 0.001272 0.001272 0.001272 0.000352 0.000352 0.000352 0.001272 0.000352 0.000352 0.000352 0.001272 0.000352 0.000352 0.001272 0.000352 0.000352 0.000352 0.000352 0.000352 0.001272 0.001272 0.000352 0.000352 0.000352 0.003432 0.000352 0.000352 0.000352 0.003432 0.000352 0.000352 0.000352 0.001272 0.000352 0.000352 0.000352 0.000352 0.000352 0.003432 0.001272 0.001272 0.001272 0.000352 0.003432 0.000352 0.000352 0.000352 0.000352 0.000352 0.000352 0.000352 0.000352 0.000352 0.000352 0.000352 0.000352 0.000352 0.001272 0.003432 0.001272 0.000352 0.000352 0.000352 0.000352 0.001272 0.001272 0.012406 0.000352 0.001272 0.003432 0.001272 0.003432 0.000352 0.000352 0.000352 0.000352 0.001272 0.001272 0.003432 0.001272 0.000352 0.000352 0.001272 0.000352 0.001272 0.000352 0.000352 0.012406 0.000352 0.001272 0.001272 0.000352 0.000352 0.000352 0.000352 0.000352 0.000352 0.001272 0.000352 0.003432 0.000352 0.000352 0.000352 0.001272 0.000352 0.000352 0.000352 0.000352 0.000352 0.000352 0.000352 0.001272 0.000352 0.000352 0.000352 0.000352 0.000352 0.000352 0.000352 0.000352 0.000352 0.001272 0.003432 0.000352 0.000352 0.000352 0.000352 0.000352 0.001272 0.012406 0.000352 0.000352 0.001272 0.000352 0.000352 0.000352 0.000352 0.000352 0.000352 0.003432 0.001272 0.000352 0.000352 0.000352 0.000352 0.001272 0.000352 0.000352 0.001272 0.001272 0.000352 0.000352 0.000352 0.000352 0.000352 0.000352 0.001272 0.000352 0.000352 0.000352 0.001272 0.003432 0.001272 0.003432 0.000352 0.000352 0.000352 0.000352 0.000352 0.003432 0.000352 0.000352 0.001272 0.000352 0.001272 0.003432 0.000352 0.001272 0.001272 0.003432 0.000352 0.000352 0.000352 0.000352 0.001272 0.000352 0.000352 0.000352 0.000352 0.001272 0.000352 0.001272 0.003432 0.000352 0.001272 0.001272 0.000352 0.003432 0.000352 0.000352 0.000352 0.001272 0.001272 0.001272 0.001272 0.000352 0.000352 0.001272 0.001272 0.000352 0.000352 0.001272 0.001272 0.012406 0.000352 0.000352 0.000352 0.000352 0.000352 0.003432 0.000352 0.000352 0.000352 0.000352 0.000352 0.000352 0.012406 0.001272 0.003432 0.000352 0.000352 0.000352 0.001272 0.003432 0.000352 0.000352 0.000352 0.000352 0.000352 0.000352 0.000352 0.003432 0.000352 0.000352 0.001272 0.001272 0.000352 0.003432 0.000352 0.001272 0.000352 0.000352 0.000352 0.003432 0.000352 0.000352 0.000352 0.001272 0.000352 0.000352 0.000352 0.000352 0.003432 0.000352 0.012406 0.000352 0.000352 0.000352 0.001272 0.000352 0.000352 0.000352 0.000352 0.000352 0.000352 0.001272 0.000352 0.000352 0.000352 0.001272 0.000352 0.000352 0.001272 0.000352 0.001272 0.000352 0.001272 0.000352 0.000352 0.012406 0.000352 0.001272 0.000352 0.000352 0.000352 0.000352 0.000352 0.000352 0.000352 0.001272 0.000352 0.000352 0.000352 0.001272 0.003432 0.000352 0.000352 0.001272 0.001272 0.000352 0.000352 0.000352 0.000352 0.000352 0.000352 0.000352 0.000352 0.003432 0.001272 0.000352 0.000352 0.000352 0.003432 0.000352 0.001272 0.000352 0.001272 0.001272 0.000352 0.001272 0.001272 0.000352 0.000352 0.000352 0.000352 0.000352 0.000352 0.001272 0.000352 0.000352 0.001272 0.000352 0.001272 0.000352 0.001272 0.001272 0.000352 0.001272 0.000352 0.003432 0.000352 0.001272 0.001272 0.001272 0.000352 0.000352 0.000352 0.001272 0.000352 0.000352 0.000352 0.001272 0.000352 0.000352 0.000352 0.001272 0.001272 0.003432 0.000352 0.003432 0.000352 0.003432 0.003432 0.000352 0.000352 0.000352 0.001272 0.000352 0.000352 0.000352 0.000352 0.000352 0.000352 0.001272 0.000352 0.003432 0.000352 0.001272 0.001272 0.000352 0.001272 0.001272 0.000352 0.000352 0.000352 0.000352 0.000352 0.000352 0.000352 0.000352 0.000352 0.000352 0.000352 0.000352 0.000352 0.001272 0.001272 0.000352 0.000352 0.000352 0.003432 0.001272 0.000352 0.000352 0.000352 0.000352 0.001272 0.001272 0.000352 0.001272 0.003432 0.003432 0.000352 0.001272 0.000352 0.001272 0.000352 0.001272 0.001272 0.001272 0.000352 0.000352 0.000352 0.000352 0.000352 0.000352 0.001272 0.000352 0.001272 0.000352 0.003432 0.000352 0.000352 0.000352 0.000352 0.000352 0.000352 0.000352 0.000352 0.000352 0.001272 0.000352 0.000352 0.000352 0.001272 0.000352 0.000352 0.000352 0.001272 
9
-1
