Seed: 100
2 
WorldFile: world1.config
generating points

done generating points

Performing best first search
Found path after checking 17 nodes
Solution:
  1    Start  (0.000000, 0.000000, 0.000000, 0.000000)
  2           (0.543819, 0.827087, 0.715401, -0.557072)
  3           (0.989194, -2.504994, 0.977042, 2.154818)
  4           (0.310947, -1.470365, -1.281839, 2.806339)
  5   Finish  (-0.589000, -0.589000, -0.589000, -0.589000)
Path length: 12.013222

Uniform cost search
Found path after checking 21 nodes
Solution:
  1    Start  (0.000000, 0.000000, 0.000000, 0.000000)
  2           (1.177560, -0.489556, 0.264858, 0.607666)
  3           (0.989194, -2.504994, 0.977042, 2.154818)
  4           (0.310947, -1.470365, -1.281839, 2.806339)
  5   Finish  (-0.589000, -0.589000, -0.589000, -0.589000)
Path length: 10.426445

Performing A*
Found path after checking 17 nodes
Solution:
  1    Start  (0.000000, 0.000000, 0.000000, 0.000000)
  2           (1.177560, -0.489556, 0.264858, 0.607666)
  3           (0.989194, -2.504994, 0.977042, 2.154818)
  4           (0.310947, -1.470365, -1.281839, 2.806339)
  5   Finish  (-0.589000, -0.589000, -0.589000, -0.589000)
Path length: 10.426445

Performing inadmissible A*
Found path after checking 17 nodes
Solution:
  1    Start  (0.000000, 0.000000, 0.000000, 0.000000)
  2           (1.177560, -0.489556, 0.264858, 0.607666)
  3           (0.989194, -2.504994, 0.977042, 2.154818)
  4           (0.310947, -1.470365, -1.281839, 2.806339)
  5   Finish  (-0.589000, -0.589000, -0.589000, -0.589000)
Path length: 10.426445

