Starting Experiment
Processing Frame 1 of 182
	Weighted Error = 6.696213e-04
Processing Frame 2 of 182
	Weighted Error = 1.110175e-02
Processing Frame 3 of 182
	Weighted Error = 1.660053e-01
Processing Frame 4 of 182
	Weighted Error = 9.313350e-01
Processing Frame 5 of 182
	Weighted Error = 1.271656e+00
Processing Frame 6 of 182
	Weighted Error = 1.307675e+00
Processing Frame 7 of 182
	Weighted Error = 1.075356e+00
Processing Frame 8 of 182
	Weighted Error = 2.032850e+00
Processing Frame 9 of 182
	Weighted Error = 1.048725e+00
Processing Frame 10 of 182
	Weighted Error = 1.995275e+00
Processing Frame 11 of 182
	Weighted Error = 1.871860e+00
Processing Frame 12 of 182
	Weighted Error = 1.166832e+00
Processing Frame 13 of 182
	Weighted Error = 8.618767e-01
Processing Frame 14 of 182
	Weighted Error = 2.804879e-03
Processing Frame 15 of 182
	Weighted Error = 2.218252e-03
Processing Frame 16 of 182
	Weighted Error = 1.926007e-03
Processing Frame 17 of 182
	Weighted Error = 9.994612e-01
Processing Frame 18 of 182
	Weighted Error = 2.142073e-03
Processing Frame 19 of 182
	Weighted Error = 2.622108e-03
Processing Frame 20 of 182
	Weighted Error = 3.756464e-03
Processing Frame 21 of 182
	Weighted Error = 9.957938e-01
Processing Frame 22 of 182
	Weighted Error = 6.084489e-03
Processing Frame 23 of 182
	Weighted Error = 1.111279e-01
Processing Frame 24 of 182
	Weighted Error = 1.021884e-01
Processing Frame 25 of 182
	Weighted Error = 1.102147e-01
Processing Frame 26 of 182
	Weighted Error = 1.441466e-01
Processing Frame 27 of 182
	Weighted Error = 1.838470e-01
Processing Frame 28 of 182
	Weighted Error = 2.354090e-01
Processing Frame 29 of 182
	Weighted Error = 3.033585e-01
Processing Frame 30 of 182
	Weighted Error = 3.854691e-01
Processing Frame 31 of 182
	Weighted Error = 4.686090e-01
Processing Frame 32 of 182
	Weighted Error = 5.557311e-01
Processing Frame 33 of 182
	Weighted Error = 6.493348e-01
Processing Frame 34 of 182
	Weighted Error = 7.021822e-01
Processing Frame 35 of 182
	Weighted Error = 9.461208e-01
Processing Frame 36 of 182
	Weighted Error = 3.851348e-03
Processing Frame 37 of 182
	Weighted Error = 1.483951e-04
Processing Frame 38 of 182
	Weighted Error = 1.005779e+00
Processing Frame 39 of 182
	Weighted Error = 1.449960e+00
Processing Frame 40 of 182
	Weighted Error = 1.242641e+00
Processing Frame 41 of 182
	Weighted Error = 1.535633e+00
Processing Frame 42 of 182
	Weighted Error = 1.103127e+00
Processing Frame 43 of 182
	Weighted Error = 7.922258e-01
Processing Frame 44 of 182
	Weighted Error = 1.203788e+00
Processing Frame 45 of 182
	Weighted Error = 2.200477e+00
Processing Frame 46 of 182
	Weighted Error = 2.352565e+00
Processing Frame 47 of 182
	Weighted Error = 2.373964e+00
Processing Frame 48 of 182
	Weighted Error = 2.740146e+00
Processing Frame 49 of 182
	Weighted Error = 2.961631e+00
Processing Frame 50 of 182
	Weighted Error = 2.705153e+00
Processing Frame 51 of 182
	Weighted Error = 1.638948e+00
Processing Frame 52 of 182
	Weighted Error = 1.807460e+00
Processing Frame 53 of 182
	Weighted Error = 2.111618e+00
Processing Frame 54 of 182
	Weighted Error = 1.771122e+00
Processing Frame 55 of 182
	Weighted Error = 1.294548e+00
Processing Frame 56 of 182
	Weighted Error = 1.296691e+00
Processing Frame 57 of 182
	Weighted Error = 1.298176e+00
Processing Frame 58 of 182
	Weighted Error = 1.379558e+00
Processing Frame 59 of 182
	Weighted Error = 1.502136e+00
Processing Frame 60 of 182
	Weighted Error = 1.614534e-01
Processing Frame 61 of 182
	Weighted Error = 9.639897e-02
Processing Frame 62 of 182
	Weighted Error = 2.800867e-01
Processing Frame 63 of 182
	Weighted Error = 3.031610e-01
Processing Frame 64 of 182
	Weighted Error = 9.964172e-01
Processing Frame 65 of 182
	Weighted Error = 7.639747e-01
Processing Frame 66 of 182
	Weighted Error = 2.417473e-01
Processing Frame 67 of 182
	Weighted Error = 1.062806e+00
Processing Frame 68 of 182
	Weighted Error = 1.031425e+00
Processing Frame 69 of 182
	Weighted Error = 1.486907e+00
Processing Frame 70 of 182
	Weighted Error = 4.233161e-01
Processing Frame 71 of 182
	Weighted Error = 1.045605e+00
Processing Frame 72 of 182
	Weighted Error = 2.805540e-02
Processing Frame 73 of 182
	Weighted Error = 6.662575e-01
Processing Frame 74 of 182
	Weighted Error = 5.857663e-01
Processing Frame 75 of 182
	Weighted Error = 1.342902e+00
Processing Frame 76 of 182
	Weighted Error = 1.270602e+00
Processing Frame 77 of 182
	Weighted Error = 1.217774e+00
Processing Frame 78 of 182
	Weighted Error = 1.197931e+00
Processing Frame 79 of 182
	Weighted Error = 1.255156e+00
Processing Frame 80 of 182
	Weighted Error = 1.461770e+00
Processing Frame 81 of 182
	Weighted Error = 9.068301e-01
Processing Frame 82 of 182
	Weighted Error = 1.359627e+00
Processing Frame 83 of 182
	Weighted Error = 1.174792e+00
Processing Frame 84 of 182
	Weighted Error = 1.336502e+00
Processing Frame 85 of 182
	Weighted Error = 7.792877e-01
Processing Frame 86 of 182
	Weighted Error = 7.152773e-01
Processing Frame 87 of 182
	Weighted Error = 6.961934e-01
Processing Frame 88 of 182
	Weighted Error = 1.577706e+00
Processing Frame 89 of 182
	Weighted Error = 1.681848e+00
Processing Frame 90 of 182
	Weighted Error = 1.622981e+00
Processing Frame 91 of 182
	Weighted Error = 1.642905e+00
Processing Frame 92 of 182
	Weighted Error = 9.146021e-01
Processing Frame 93 of 182
	Weighted Error = 1.456852e+00
Processing Frame 94 of 182
	Weighted Error = 1.428552e+00
Processing Frame 95 of 182
	Weighted Error = 1.429281e+00
Processing Frame 96 of 182
	Weighted Error = 1.442000e+00
Processing Frame 97 of 182
	Weighted Error = 1.459831e+00
Processing Frame 98 of 182
	Weighted Error = 1.479761e+00
Processing Frame 99 of 182
	Weighted Error = 1.500701e+00
Processing Frame 100 of 182
	Weighted Error = 1.522668e+00
Processing Frame 101 of 182
	Weighted Error = 1.544841e+00
Processing Frame 102 of 182
	Weighted Error = 1.415657e+00
Processing Frame 103 of 182
	Weighted Error = 1.315287e+00
Processing Frame 104 of 182
	Weighted Error = 1.344902e+00
Processing Frame 105 of 182
	Weighted Error = 7.270271e-01
Processing Frame 106 of 182
	Weighted Error = 6.999014e-01
Processing Frame 107 of 182
	Weighted Error = 6.992779e-01
Processing Frame 108 of 182
	Weighted Error = 6.991319e-01
Processing Frame 109 of 182
	Weighted Error = 1.699538e+00
Processing Frame 110 of 182
	Weighted Error = 7.761582e-01
Processing Frame 111 of 182
	Weighted Error = 1.510221e+00
Processing Frame 112 of 182
	Weighted Error = 1.499273e+00
Processing Frame 113 of 182
	Weighted Error = 1.809008e+00
Processing Frame 114 of 182
	Weighted Error = 1.696342e+00
Processing Frame 115 of 182
	Weighted Error = 1.595372e+00
Processing Frame 116 of 182
	Weighted Error = 1.557201e+00
Processing Frame 117 of 182
	Weighted Error = 1.621889e+00
Processing Frame 118 of 182
	Weighted Error = 2.153658e+00
Processing Frame 119 of 182
	Weighted Error = 1.940565e+00
Processing Frame 120 of 182
	Weighted Error = 1.856242e+00
Processing Frame 121 of 182
	Weighted Error = 1.358261e+00
Processing Frame 122 of 182
	Weighted Error = 2.629401e+00
Processing Frame 123 of 182
	Weighted Error = 1.911856e+00
Processing Frame 124 of 182
	Weighted Error = 2.260423e+00
Processing Frame 125 of 182
	Weighted Error = 2.867512e+00
Processing Frame 126 of 182
	Weighted Error = 2.716941e+00
Processing Frame 127 of 182
	Weighted Error = 3.032458e+00
Processing Frame 128 of 182
	Weighted Error = 3.059396e+00
Processing Frame 129 of 182
	Weighted Error = 2.481319e+00
Processing Frame 130 of 182
	Weighted Error = 1.052078e+00
Processing Frame 131 of 182
	Weighted Error = 8.299907e-01
Processing Frame 132 of 182
	Weighted Error = 1.206352e+00
Processing Frame 133 of 182
	Weighted Error = 1.286367e+00
Processing Frame 134 of 182
	Weighted Error = 1.748526e+00
Processing Frame 135 of 182
	Weighted Error = 1.672706e+00
Processing Frame 136 of 182
	Weighted Error = 1.848408e+00
Processing Frame 137 of 182
	Weighted Error = 2.392367e+00
Processing Frame 138 of 182
	Weighted Error = 2.119465e+00
Processing Frame 139 of 182
	Weighted Error = 1.749800e+00
Processing Frame 140 of 182
	Weighted Error = 1.610122e+00
Processing Frame 141 of 182
	Weighted Error = 1.378103e+00
Processing Frame 142 of 182
	Weighted Error = 1.710441e+00
Processing Frame 143 of 182
	Weighted Error = 1.565457e+00
Processing Frame 144 of 182
	Weighted Error = 1.364119e+00
Processing Frame 145 of 182
	Weighted Error = 1.193728e+00
Processing Frame 146 of 182
	Weighted Error = 1.328663e+00
Processing Frame 147 of 182
	Weighted Error = 1.349805e+00
Processing Frame 148 of 182
	Weighted Error = 1.344042e+00
Processing Frame 149 of 182
	Weighted Error = 1.213639e+00
Processing Frame 150 of 182
	Weighted Error = 1.431402e+00
Processing Frame 151 of 182
	Weighted Error = 1.481841e+00
Processing Frame 152 of 182
	Weighted Error = 8.448106e-01
Processing Frame 153 of 182
	Weighted Error = 9.641712e-01
Processing Frame 154 of 182
	Weighted Error = 1.980612e+00
Processing Frame 155 of 182
	Weighted Error = 1.687573e+00
Processing Frame 156 of 182
	Weighted Error = 1.960356e+00
Processing Frame 157 of 182
	Weighted Error = 1.508375e+00
Processing Frame 158 of 182
	Weighted Error = 1.394075e+00
Processing Frame 159 of 182
	Weighted Error = 1.927147e+00
Processing Frame 160 of 182
	Weighted Error = 2.023882e+00
Processing Frame 161 of 182
	Weighted Error = 2.073960e+00
Processing Frame 162 of 182
	Weighted Error = 1.934572e+00
Processing Frame 163 of 182
	Weighted Error = 1.917861e+00
Processing Frame 164 of 182
	Weighted Error = 1.694720e+00
Processing Frame 165 of 182
	Weighted Error = 1.190684e+00
Processing Frame 166 of 182
	Weighted Error = 2.038698e+00
Processing Frame 167 of 182
	Weighted Error = 1.544501e+00
Processing Frame 168 of 182
	Weighted Error = 8.980181e-01
Processing Frame 169 of 182
	Weighted Error = 1.469772e+00
Processing Frame 170 of 182
	Weighted Error = 1.661344e+00
Processing Frame 171 of 182
	Weighted Error = 2.090425e+00
Processing Frame 172 of 182
	Weighted Error = 2.819696e+00
Processing Frame 173 of 182
	Weighted Error = 3.275048e+00
Processing Frame 174 of 182
	Weighted Error = 3.407240e+00
Processing Frame 175 of 182
	Weighted Error = 4.485552e+00
Processing Frame 176 of 182
	Weighted Error = 5.537692e+00
Processing Frame 177 of 182
	Weighted Error = 6.459731e+00
Processing Frame 178 of 182
	Weighted Error = 5.850622e+00
Processing Frame 179 of 182
	Weighted Error = 5.899586e+00
Processing Frame 180 of 182
	Weighted Error = 5.690340e+00
Processing Frame 181 of 182
	Weighted Error = 8.137301e+00
Processing Frame 182 of 182
	Weighted Error = 8.040477e+00
Average Error = 1.523298e+00
Experiment Completed
